[0.026s] Invoking command in '/home/kcw/capstone_ws/ros2/src/manipulator/build/manipulator': CMAKE_PREFIX_PATH=${CMAKE_PREFIX_PATH}:/opt/ros/humble /home/kcw/.local/bin/cmake --build /home/kcw/capstone_ws/ros2/src/manipulator/build/manipulator -- -j8 -l8
[0.090s] [ 50%] Built target manipulator_read
[0.101s] [ 62%] [32mBuilding CXX object CMakeFiles/manipulator_write.dir/src/pathW.cpp.o[0m
[2.610s] [01m[K/home/kcw/capstone_ws/ros2/src/manipulator/src/pathW.cpp:[m[K In constructor â€˜[01m[KManipulator::Manipulator()[m[Kâ€™:
[2.610s] [01m[K/home/kcw/capstone_ws/ros2/src/manipulator/src/pathW.cpp:60:15:[m[K [01;31m[Kerror: [m[Kincompatible types in assignment of â€˜[01m[Kstd::shared_ptr<rclcpp::Publisher<motor_interface::msg::Motor_<std::allocator<void> >, std::allocator<void> > >[m[Kâ€™ to â€˜[01m[Kint [7][m[Kâ€™
[2.610s]    60 |         [01;31m[Kmotor = this->create_publisher<motor_interface::msg::Motor>("motor", 10)[m[K;
[2.610s]       |         [01;31m[K~~~~~~^~~~~~~~~~~~~~~~~~~~~~~~~~~~~~~~~~~~~~~~~~~~~~~~~~~~~~~~~~~~~~~~~~[m[K
[2.627s] [01m[K/home/kcw/capstone_ws/ros2/src/manipulator/src/pathW.cpp:[m[K In member function â€˜[01m[Kvoid Manipulator::timer_callback()[m[Kâ€™:
[2.627s] [01m[K/home/kcw/capstone_ws/ros2/src/manipulator/src/pathW.cpp:88:18:[m[K [01;31m[Kerror: [m[Krequest for member â€˜[01m[Kpublish[m[Kâ€™ in â€˜[01m[K*(int*)(& motor)[m[Kâ€™, which is of non-class type â€˜[01m[Kint[m[Kâ€™
[2.628s]    88 |         motor -> [01;31m[Kpublish[m[K(Motor);                    // Issue Current data As topic
[2.628s]       |                  [01;31m[K^~~~~~~[m[K
[2.630s] [01m[K/home/kcw/capstone_ws/ros2/src/manipulator/src/pathW.cpp:[m[K In function â€˜[01m[Kint main(int, char**)[m[Kâ€™:
[2.630s] [01m[K/home/kcw/capstone_ws/ros2/src/manipulator/src/pathW.cpp:113:27:[m[K [01;35m[Kwarning: [m[KISO C++ forbids converting a string constant to â€˜[01m[Kchar*[m[Kâ€™ [[01;35m[K]8;;https://gcc.gnu.org/onlinedocs/gcc/Warning-Options.html#index-Wwrite-strings-Wwrite-strings]8;;[m[K]
[2.631s]   113 |     if(openSerialPort(&fd,[01;35m[K"/dev/arduinoMega"[m[K)==-1) rclcpp::shutdown();
[2.631s]       |                           [01;35m[K^~~~~~~~~~~~~~~~~~[m[K
[3.256s] gmake[2]: *** [CMakeFiles/manipulator_write.dir/build.make:76: CMakeFiles/manipulator_write.dir/src/pathW.cpp.o] Error 1
[3.257s] gmake[1]: *** [CMakeFiles/Makefile2:139: CMakeFiles/manipulator_write.dir/all] Error 2
[3.257s] gmake: *** [Makefile:146: all] Error 2
[3.262s] Invoked command in '/home/kcw/capstone_ws/ros2/src/manipulator/build/manipulator' returned '2': CMAKE_PREFIX_PATH=${CMAKE_PREFIX_PATH}:/opt/ros/humble /home/kcw/.local/bin/cmake --build /home/kcw/capstone_ws/ros2/src/manipulator/build/manipulator -- -j8 -l8
