[0.016s] Invoking command in '/home/kcw/capstone_ws/ros2/src/manipulator/build/manipulator': CMAKE_PREFIX_PATH=/opt/ros/humble /home/kcw/.local/bin/cmake --build /home/kcw/capstone_ws/ros2/src/manipulator/build/manipulator -- -j8 -l8
[0.077s] [ 25%] [32mBuilding CXX object CMakeFiles/manipulator.dir/src/main.cpp.o[0m
[2.234s] [01m[K/home/kcw/capstone_ws/ros2/src/manipulator/src/main.cpp:39:5:[m[K [01;31m[Kerror: [m[Kextra qualification â€˜[01m[KManipulator::[m[Kâ€™ on member â€˜[01m[KManipulator[m[Kâ€™ [[01;31m[K]8;;https://gcc.gnu.org/onlinedocs/gcc/Warning-Options.html#index-fpermissive-fpermissive]8;;[m[K]
[2.235s]    39 |     [01;31m[KManipulator[m[K::Manipulator() : Manipulator::Node("kcw_motor_control")
[2.235s]       |     [01;31m[K^~~~~~~~~~~[m[K
[2.235s] [01m[K/home/kcw/capstone_ws/ros2/src/manipulator/src/main.cpp:49:10:[m[K [01;31m[Kerror: [m[Kextra qualification â€˜[01m[KManipulator::[m[Kâ€™ on member â€˜[01m[Ktimer_callback[m[Kâ€™ [[01;31m[K]8;;https://gcc.gnu.org/onlinedocs/gcc/Warning-Options.html#index-fpermissive-fpermissive]8;;[m[K]
[2.235s]    49 |     void [01;31m[KManipulator[m[K::timer_callback()
[2.235s]       |          [01;31m[K^~~~~~~~~~~[m[K
[2.248s] [01m[K/home/kcw/capstone_ws/ros2/src/manipulator/src/main.cpp:[m[K In member function â€˜[01m[Kvoid Manipulator::timer_callback()[m[Kâ€™:
[2.248s] [01m[K/home/kcw/capstone_ws/ros2/src/manipulator/src/main.cpp:80:31:[m[K [01;35m[Kwarning: [m[KISO C++ forbids converting a string constant to â€˜[01m[Kchar*[m[Kâ€™ [[01;35m[K]8;;https://gcc.gnu.org/onlinedocs/gcc/Warning-Options.html#index-Wwrite-strings-Wwrite-strings]8;;[m[K]
[2.248s]    80 |         if(openSerialPort(&fd,[01;35m[K"/dev/arduinoMega"[m[K)==-1) return -1;
[2.248s]       |                               [01;35m[K^~~~~~~~~~~~~~~~~~[m[K
[2.249s] [01m[K/home/kcw/capstone_ws/ros2/src/manipulator/src/main.cpp:80:63:[m[K [01;31m[Kerror: [m[Kreturn-statement with a value, in function returning â€˜[01m[Kvoid[m[Kâ€™ [[01;31m[K]8;;https://gcc.gnu.org/onlinedocs/gcc/Warning-Options.html#index-fpermissive-fpermissive]8;;[m[K]
[2.249s]    80 |         if(openSerialPort(&fd,"/dev/arduinoMega")==-1) return [01;31m[K-1[m[K;
[2.249s]       |                                                               [01;31m[K^~[m[K
[2.249s] [01m[K/home/kcw/capstone_ws/ros2/src/manipulator/src/main.cpp:108:47:[m[K [01;31m[Kerror: [m[Kâ€˜[01m[Kcount[m[Kâ€™ was not declared in this scope; did you mean â€˜[01m[Kstd::count[m[Kâ€™?
[2.249s]   108 |             std::cout << "Time: " << (double)([01;31m[Kcount[m[K * 10 * 0.001) << "s\t>>> ";
[2.249s]       |                                               [01;31m[K^~~~~[m[K
[2.249s]       |                                               [32m[Kstd::count[m[K
[2.250s] In file included from [01m[K/usr/include/c++/11/algorithm:74[m[K,
[2.250s]                  from [01m[K/opt/ros/humble/include/rclcpp/rclcpp/executor.hpp:18[m[K,
[2.250s]                  from [01m[K/opt/ros/humble/include/rclcpp/rclcpp/executors/multi_threaded_executor.hpp:25[m[K,
[2.250s]                  from [01m[K/opt/ros/humble/include/rclcpp/rclcpp/executors.hpp:21[m[K,
[2.250s]                  from [01m[K/opt/ros/humble/include/rclcpp/rclcpp/rclcpp.hpp:155[m[K,
[2.250s]                  from [01m[K/home/kcw/capstone_ws/ros2/src/manipulator/src/main.cpp:30[m[K:
[2.250s] [01m[K/usr/include/c++/11/pstl/glue_algorithm_defs.h:101:1:[m[K [01;36m[Knote: [m[Kâ€˜[01m[Kstd::count[m[Kâ€™ declared here
[2.250s]   101 | [01;36m[Kcount[m[K(_ExecutionPolicy&& __exec, _ForwardIterator __first, _ForwardIterator __last, const _Tp& __value);
[2.250s]       | [01;36m[K^~~~~[m[K
[2.251s] [01m[K/home/kcw/capstone_ws/ros2/src/manipulator/src/main.cpp:62:13:[m[K [01;35m[Kwarning: [m[Kunused variable â€˜[01m[Kdata_size[m[Kâ€™ [[01;35m[K]8;;https://gcc.gnu.org/onlinedocs/gcc/Warning-Options.html#index-Wunused-variable-Wunused-variable]8;;[m[K]
[2.251s]    62 |         int [01;35m[Kdata_size[m[K{BUF_SIZE};
[2.251s]       |             [01;35m[K^~~~~~~~~[m[K
[2.251s] [01m[K/home/kcw/capstone_ws/ros2/src/manipulator/src/main.cpp:63:14:[m[K [01;35m[Kwarning: [m[Kunused variable â€˜[01m[Kinputdata[m[Kâ€™ [[01;35m[K]8;;https://gcc.gnu.org/onlinedocs/gcc/Warning-Options.html#index-Wunused-variable-Wunused-variable]8;;[m[K]
[2.252s]    63 |         char [01;35m[Kinputdata[m[K[BUF_SIZE] = {0};
[2.252s]       |              [01;35m[K^~~~~~~~~[m[K
[2.252s] [01m[K/home/kcw/capstone_ws/ros2/src/manipulator/src/main.cpp:66:16:[m[K [01;35m[Kwarning: [m[Kunused variable â€˜[01m[Kmt[m[Kâ€™ [[01;35m[K]8;;https://gcc.gnu.org/onlinedocs/gcc/Warning-Options.html#index-Wunused-variable-Wunused-variable]8;;[m[K]
[2.252s]    66 |         int    [01;35m[Kmt[m[K;
[2.252s]       |                [01;35m[K^~[m[K
[2.252s] [01m[K/home/kcw/capstone_ws/ros2/src/manipulator/src/main.cpp:67:16:[m[K [01;35m[Kwarning: [m[Kunused variable â€˜[01m[Kndx[m[Kâ€™ [[01;35m[K]8;;https://gcc.gnu.org/onlinedocs/gcc/Warning-Options.html#index-Wunused-variable-Wunused-variable]8;;[m[K]
[2.252s]    67 |         int    [01;35m[Kndx[m[K;
[2.252s]       |                [01;35m[K^~~[m[K
[2.961s] gmake[2]: *** [CMakeFiles/manipulator.dir/build.make:76: CMakeFiles/manipulator.dir/src/main.cpp.o] Error 1
[2.961s] gmake[1]: *** [CMakeFiles/Makefile2:137: CMakeFiles/manipulator.dir/all] Error 2
[2.961s] gmake: *** [Makefile:146: all] Error 2
[2.967s] Invoked command in '/home/kcw/capstone_ws/ros2/src/manipulator/build/manipulator' returned '2': CMAKE_PREFIX_PATH=/opt/ros/humble /home/kcw/.local/bin/cmake --build /home/kcw/capstone_ws/ros2/src/manipulator/build/manipulator -- -j8 -l8
