[01m[K/home/kcw/capstone_ws/ros2/src/manipulator/src/pathRW.cpp:[m[K In function â€˜[01m[Kstd::string readOneLine(std::ifstream&, int)[m[Kâ€™:
[01m[K/home/kcw/capstone_ws/ros2/src/manipulator/src/pathRW.cpp:40:50:[m[K [01;35m[Kwarning: [m[Kunused parameter â€˜[01m[Kbuff_size[m[Kâ€™ [[01;35m[K]8;;https://gcc.gnu.org/onlinedocs/gcc/Warning-Options.html#index-Wunused-parameter-Wunused-parameter]8;;[m[K]
   40 | std::string readOneLine(std::ifstream &path, [01;35m[Kint buff_size[m[K)
      |                                              [01;35m[K~~~~^~~~~~~~~[m[K
[01m[K/home/kcw/capstone_ws/ros2/src/manipulator/src/serial.cpp:[m[K In function â€˜[01m[Kint readSerialData(int*, pollfd&, int*, char*, std::ofstream&)[m[Kâ€™:
[01m[K/home/kcw/capstone_ws/ros2/src/manipulator/src/serial.cpp:45:12:[m[K [01;35m[Kwarning: [m[Kunused variable â€˜[01m[Ktemp[m[Kâ€™ [[01;35m[K]8;;https://gcc.gnu.org/onlinedocs/gcc/Warning-Options.html#index-Wunused-variable-Wunused-variable]8;;[m[K]
   45 |       char [01;35m[Ktemp[m[K[1];
      |            [01;35m[K^~~~[m[K
[01m[K/home/kcw/capstone_ws/ros2/src/manipulator/src/serial.cpp:35:100:[m[K [01;35m[Kwarning: [m[Kunused parameter â€˜[01m[Krec_path[m[Kâ€™ [[01;35m[K]8;;https://gcc.gnu.org/onlinedocs/gcc/Warning-Options.html#index-Wunused-parameter-Wunused-parameter]8;;[m[K]
   35 | int readSerialData(int *fd, struct pollfd &poll_events, int *poll_state, char *buf, [01;35m[Kstd::ofstream &rec_path[m[K)
      |                                                                                     [01;35m[K~~~~~~~~~~~~~~~^~~~~~~~[m[K
[01m[K/home/kcw/capstone_ws/ros2/src/manipulator/src/main.cpp:32:22:[m[K [01;31m[Kerror: [m[Kâ€˜[01m[Kchrono_literals[m[Kâ€™ is not a namespace-name
   32 | using namespace std::[01;31m[Kchrono_literals[m[K;
      |                      [01;31m[K^~~~~~~~~~~~~~~[m[K
[01m[K/home/kcw/capstone_ws/ros2/src/manipulator/src/main.cpp:35:1:[m[K [01;31m[Kerror: [m[Kâ€˜[01m[KManipulator[m[Kâ€™ does not name a type
   35 | [01;31m[KManipulator[m[K::KcwMotorControl() : Manipulator::Node("kcw_motor_control")
      | [01;31m[K^~~~~~~~~~~[m[K
[01m[K/home/kcw/capstone_ws/ros2/src/manipulator/src/main.cpp:45:6:[m[K [01;31m[Kerror: [m[Kâ€˜[01m[KManipulator[m[Kâ€™ has not been declared
   45 | void [01;31m[KManipulator[m[K::timer_callback()
      |      [01;31m[K^~~~~~~~~~~[m[K
[01m[K/home/kcw/capstone_ws/ros2/src/manipulator/src/main.cpp:[m[K In function â€˜[01m[Kvoid timer_callback()[m[Kâ€™:
[01m[K/home/kcw/capstone_ws/ros2/src/manipulator/src/main.cpp:52:41:[m[K [01;31m[Kerror: [m[Kâ€˜[01m[Kbegin[m[Kâ€™ was not declared in this scope; did you mean â€˜[01m[Kstd::begin[m[Kâ€™?
   52 |         clock_gettime(CLOCK_MONOTONIC, &[01;31m[Kbegin[m[K);
      |                                         [01;31m[K^~~~~[m[K
      |                                         [32m[Kstd::begin[m[K
In file included from [01m[K/usr/include/c++/11/string:54[m[K,
                 from [01m[K/usr/include/c++/11/bits/locale_classes.h:40[m[K,
                 from [01m[K/usr/include/c++/11/bits/ios_base.h:41[m[K,
                 from [01m[K/usr/include/c++/11/ios:42[m[K,
                 from [01m[K/usr/include/c++/11/ostream:38[m[K,
                 from [01m[K/usr/include/c++/11/iostream:39[m[K,
                 from [01m[K/home/kcw/capstone_ws/ros2/src/manipulator/src/main.cpp:24[m[K:
[01m[K/usr/include/c++/11/bits/range_access.h:108:37:[m[K [01;36m[Knote: [m[Kâ€˜[01m[Kstd::begin[m[Kâ€™ declared here
  108 |   template<typename _Tp> const _Tp* [01;36m[Kbegin[m[K(const valarray<_Tp>&) noexcept;
      |                                     [01;36m[K^~~~~[m[K
[01m[K/home/kcw/capstone_ws/ros2/src/manipulator/src/main.cpp:53:15:[m[K [01;31m[Kerror: [m[Kâ€˜[01m[Kfd[m[Kâ€™ was not declared in this scope
   53 |         write([01;31m[Kfd[m[K, msg, 1);
      |               [01;31m[K^~[m[K
[01m[K/home/kcw/capstone_ws/ros2/src/manipulator/src/main.cpp:53:19:[m[K [01;31m[Kerror: [m[Kâ€˜[01m[Kmsg[m[Kâ€™ was not declared in this scope; did you mean â€˜[01m[Kstd_msgs::msg[m[Kâ€™?
   53 |         write(fd, [01;31m[Kmsg[m[K, 1);
      |                   [01;31m[K^~~[m[K
      |                   [32m[Kstd_msgs::msg[m[K
In file included from [01m[K/opt/ros/humble/include/std_msgs/std_msgs/msg/int64.hpp:7[m[K,
                 from [01m[K/home/kcw/capstone_ws/ros2/src/manipulator/src/main.cpp:30[m[K:
[01m[K/opt/ros/humble/include/std_msgs/std_msgs/msg/detail/int64__struct.hpp:27:11:[m[K [01;36m[Knote: [m[Kâ€˜[01m[Kstd_msgs::msg[m[Kâ€™ declared here
   27 | namespace [01;36m[Kmsg[m[K
      |           [01;36m[K^~~[m[K
[01m[K/home/kcw/capstone_ws/ros2/src/manipulator/src/main.cpp:54:29:[m[K [01;31m[Kerror: [m[Kâ€˜[01m[Kpoll_events[m[Kâ€™ was not declared in this scope
   54 |         readSerialData(&fd, [01;31m[Kpoll_events[m[K, &poll_state, buf, rec_path);
      |                             [01;31m[K^~~~~~~~~~~[m[K
[01m[K/home/kcw/capstone_ws/ros2/src/manipulator/src/main.cpp:54:43:[m[K [01;31m[Kerror: [m[Kâ€˜[01m[Kpoll_state[m[Kâ€™ was not declared in this scope
   54 |         readSerialData(&fd, poll_events, &[01;31m[Kpoll_state[m[K, buf, rec_path);
      |                                           [01;31m[K^~~~~~~~~~[m[K
[01m[K/home/kcw/capstone_ws/ros2/src/manipulator/src/main.cpp:54:55:[m[K [01;31m[Kerror: [m[Kâ€˜[01m[Kbuf[m[Kâ€™ was not declared in this scope
   54 |         readSerialData(&fd, poll_events, &poll_state, [01;31m[Kbuf[m[K, rec_path);
      |                                                       [01;31m[K^~~[m[K
[01m[K/home/kcw/capstone_ws/ros2/src/manipulator/src/main.cpp:54:60:[m[K [01;31m[Kerror: [m[Kâ€˜[01m[Krec_path[m[Kâ€™ was not declared in this scope; did you mean â€˜[01m[Krealpath[m[Kâ€™?
   54 |         readSerialData(&fd, poll_events, &poll_state, buf, [01;31m[Krec_path[m[K);
      |                                                            [01;31m[K^~~~~~~~[m[K
      |                                                            [32m[Krealpath[m[K
[01m[K/home/kcw/capstone_ws/ros2/src/manipulator/src/main.cpp:56:43:[m[K [01;31m[Kerror: [m[Kâ€˜[01m[Kcount[m[Kâ€™ was not declared in this scope; did you mean â€˜[01m[Kstd::count[m[Kâ€™?
   56 |         std::cout << "Time: " << (double)([01;31m[Kcount[m[K * 10 * 0.001) << "s\t>>> ";
      |                                           [01;31m[K^~~~~[m[K
      |                                           [32m[Kstd::count[m[K
In file included from [01m[K/usr/include/c++/11/algorithm:74[m[K,
                 from [01m[K/opt/ros/humble/include/std_msgs/std_msgs/msg/detail/int64__struct.hpp:8[m[K,
                 from [01m[K/opt/ros/humble/include/std_msgs/std_msgs/msg/int64.hpp:7[m[K,
                 from [01m[K/home/kcw/capstone_ws/ros2/src/manipulator/src/main.cpp:30[m[K:
[01m[K/usr/include/c++/11/pstl/glue_algorithm_defs.h:101:1:[m[K [01;36m[Knote: [m[Kâ€˜[01m[Kstd::count[m[Kâ€™ declared here
  101 | [01;36m[Kcount[m[K(_ExecutionPolicy&& __exec, _ForwardIterator __first, _ForwardIterator __last, const _Tp& __value);
      | [01;36m[K^~~~~[m[K
[01m[K/home/kcw/capstone_ws/ros2/src/manipulator/src/main.cpp:60:28:[m[K [01;31m[Kerror: [m[Kâ€˜[01m[Kmotor[m[Kâ€™ was not declared in this scope; did you mean â€˜[01m[KMotor4[m[Kâ€™?
   60 |         dataTransform(buf, [01;31m[Kmotor[m[K, motor_num);
      |                            [01;31m[K^~~~~[m[K
      |                            [32m[KMotor4[m[K
[01m[K/home/kcw/capstone_ws/ros2/src/manipulator/src/main.cpp:60:35:[m[K [01;31m[Kerror: [m[Kâ€˜[01m[Kmotor_num[m[Kâ€™ was not declared in this scope
   60 |         dataTransform(buf, motor, [01;31m[Kmotor_num[m[K);
      |                                   [01;31m[K^~~~~~~~~[m[K
[01m[K/home/kcw/capstone_ws/ros2/src/manipulator/src/main.cpp:69:35:[m[K [01;31m[Kerror: [m[Kbreak statement not within loop or switch
   69 |         if(buf[15]==(char)(0xFF)) [01;31m[Kbreak[m[K;
      |                                   [01;31m[K^~~~~[m[K
[01m[K/home/kcw/capstone_ws/ros2/src/manipulator/src/main.cpp:72:5:[m[K [01;31m[Kerror: [m[Kâ€˜[01m[Kmotor_1[m[Kâ€™ was not declared in this scope; did you mean â€˜[01m[KMotor1[m[Kâ€™?
   72 |     [01;31m[Kmotor_1[m[K -> publish(Motor1);                    // Issue Current data As topic
      |     [01;31m[K^~~~~~~[m[K
      |     [32m[KMotor1[m[K
[01m[K/home/kcw/capstone_ws/ros2/src/manipulator/src/main.cpp:73:5:[m[K [01;31m[Kerror: [m[Kâ€˜[01m[Kmotor_2[m[Kâ€™ was not declared in this scope; did you mean â€˜[01m[KMotor2[m[Kâ€™?
   73 |     [01;31m[Kmotor_2[m[K -> publish(Motor2);                    // Issue Encoder Pos data As topic
      |     [01;31m[K^~~~~~~[m[K
      |     [32m[KMotor2[m[K
[01m[K/home/kcw/capstone_ws/ros2/src/manipulator/src/main.cpp:74:5:[m[K [01;31m[Kerror: [m[Kâ€˜[01m[Kmotor_3[m[Kâ€™ was not declared in this scope; did you mean â€˜[01m[KMotor3[m[Kâ€™?
   74 |     [01;31m[Kmotor_3[m[K -> publish(Motor3);                    // Issue Velocity data As topic
      |     [01;31m[K^~~~~~~[m[K
      |     [32m[KMotor3[m[K
[01m[K/home/kcw/capstone_ws/ros2/src/manipulator/src/main.cpp:75:5:[m[K [01;31m[Kerror: [m[Kâ€˜[01m[Kmotor_4[m[Kâ€™ was not declared in this scope; did you mean â€˜[01m[KMotor4[m[Kâ€™?
   75 |     [01;31m[Kmotor_4[m[K -> publish(Motor4);                    // Issue Acceleration data As topic                      // Update CLK
      |     [01;31m[K^~~~~~~[m[K
      |     [32m[KMotor4[m[K
[01m[K/home/kcw/capstone_ws/ros2/src/manipulator/src/main.cpp:[m[K In function â€˜[01m[Kint main()[m[Kâ€™:
[01m[K/home/kcw/capstone_ws/ros2/src/manipulator/src/main.cpp:104:27:[m[K [01;35m[Kwarning: [m[KISO C++ forbids converting a string constant to â€˜[01m[Kchar*[m[Kâ€™ [[01;35m[K]8;;https://gcc.gnu.org/onlinedocs/gcc/Warning-Options.html#index-Wwrite-strings-Wwrite-strings]8;;[m[K]
  104 |     if(openSerialPort(&fd,[01;35m[K"/dev/arduinoMega"[m[K)==-1) return -1;
      |                           [01;35m[K^~~~~~~~~~~~~~~~~~[m[K
[01m[K/home/kcw/capstone_ws/ros2/src/manipulator/src/main.cpp:128:5:[m[K [01;31m[Kerror: [m[Kâ€˜[01m[Krclcpp[m[Kâ€™ has not been declared
  128 |     [01;31m[Krclcpp[m[K::executors::MultiThreadedExecutor executor;
      |     [01;31m[K^~~~~~[m[K
[01m[K/home/kcw/capstone_ws/ros2/src/manipulator/src/main.cpp:129:35:[m[K [01;31m[Kerror: [m[Kâ€˜[01m[KManipulator[m[Kâ€™ was not declared in this scope
  129 |     auto node1 = std::make_shared<[01;31m[KManipulator[m[K>();
      |                                   [01;31m[K^~~~~~~~~~~[m[K
[01m[K/home/kcw/capstone_ws/ros2/src/manipulator/src/main.cpp:129:47:[m[K [01;31m[Kerror: [m[Kno matching function for call to â€˜[01m[Kmake_shared<<expression error> >()[m[Kâ€™
  129 |     auto node1 = [01;31m[Kstd::make_shared<Manipulator>()[m[K;
      |                  [01;31m[K~~~~~~~~~~~~~~~~~~~~~~~~~~~~~^~[m[K
In file included from [01m[K/usr/include/c++/11/memory:77[m[K,
                 from [01m[K/opt/ros/humble/include/std_msgs/std_msgs/msg/detail/int64__struct.hpp:10[m[K,
                 from [01m[K/opt/ros/humble/include/std_msgs/std_msgs/msg/int64.hpp:7[m[K,
                 from [01m[K/home/kcw/capstone_ws/ros2/src/manipulator/src/main.cpp:30[m[K:
[01m[K/usr/include/c++/11/bits/shared_ptr.h:875:5:[m[K [01;36m[Knote: [m[Kcandidate: â€˜[01m[Ktemplate<class _Tp, class ... _Args> std::shared_ptr<_Tp> std::make_shared(_Args&& ...)[m[Kâ€™
  875 |     [01;36m[Kmake_shared[m[K(_Args&&... __args)
      |     [01;36m[K^~~~~~~~~~~[m[K
[01m[K/usr/include/c++/11/bits/shared_ptr.h:875:5:[m[K [01;36m[Knote: [m[K  template argument deduction/substitution failed:
[01m[K/home/kcw/capstone_ws/ros2/src/manipulator/src/main.cpp:129:47:[m[K [01;31m[Kerror: [m[Ktemplate argument 1 is invalid
  129 |     auto node1 = [01;31m[Kstd::make_shared<Manipulator>()[m[K;
      |                  [01;31m[K~~~~~~~~~~~~~~~~~~~~~~~~~~~~~^~[m[K
[01m[K/home/kcw/capstone_ws/ros2/src/manipulator/src/main.cpp:130:5:[m[K [01;31m[Kerror: [m[Kâ€˜[01m[Kexecutor[m[Kâ€™ was not declared in this scope
  130 |     [01;31m[Kexecutor[m[K.add_node(node1);
      |     [01;31m[K^~~~~~~~[m[K
[01m[K/home/kcw/capstone_ws/ros2/src/manipulator/src/main.cpp:132:5:[m[K [01;31m[Kerror: [m[Kâ€˜[01m[Krclcpp[m[Kâ€™ has not been declared
  132 |     [01;31m[Krclcpp[m[K::shutdown();
      |     [01;31m[K^~~~~~[m[K
[01m[K/home/kcw/capstone_ws/ros2/src/manipulator/src/main.cpp:86:9:[m[K [01;35m[Kwarning: [m[Kunused variable â€˜[01m[Kdata_size[m[Kâ€™ [[01;35m[K]8;;https://gcc.gnu.org/onlinedocs/gcc/Warning-Options.html#index-Wunused-variable-Wunused-variable]8;;[m[K]
   86 |     int [01;35m[Kdata_size[m[K{BUF_SIZE};
      |         [01;35m[K^~~~~~~~~[m[K
[01m[K/home/kcw/capstone_ws/ros2/src/manipulator/src/main.cpp:87:10:[m[K [01;35m[Kwarning: [m[Kunused variable â€˜[01m[Kinputdata[m[Kâ€™ [[01;35m[K]8;;https://gcc.gnu.org/onlinedocs/gcc/Warning-Options.html#index-Wunused-variable-Wunused-variable]8;;[m[K]
   87 |     char [01;35m[Kinputdata[m[K[BUF_SIZE] = {0};
      |          [01;35m[K^~~~~~~~~[m[K
[01m[K/home/kcw/capstone_ws/ros2/src/manipulator/src/main.cpp:90:12:[m[K [01;35m[Kwarning: [m[Kunused variable â€˜[01m[Kmt[m[Kâ€™ [[01;35m[K]8;;https://gcc.gnu.org/onlinedocs/gcc/Warning-Options.html#index-Wunused-variable-Wunused-variable]8;;[m[K]
   90 |     int    [01;35m[Kmt[m[K;
      |            [01;35m[K^~[m[K
[01m[K/home/kcw/capstone_ws/ros2/src/manipulator/src/main.cpp:91:12:[m[K [01;35m[Kwarning: [m[Kunused variable â€˜[01m[Kndx[m[Kâ€™ [[01;35m[K]8;;https://gcc.gnu.org/onlinedocs/gcc/Warning-Options.html#index-Wunused-variable-Wunused-variable]8;;[m[K]
   91 |     int    [01;35m[Kndx[m[K;
      |            [01;35m[K^~~[m[K
[01m[K/home/kcw/capstone_ws/ros2/src/manipulator/src/main.cpp:92:12:[m[K [01;35m[Kwarning: [m[Kunused variable â€˜[01m[Kbuf[m[Kâ€™ [[01;35m[K]8;;https://gcc.gnu.org/onlinedocs/gcc/Warning-Options.html#index-Wunused-variable-Wunused-variable]8;;[m[K]
   92 |     char   [01;35m[Kbuf[m[K[BUF_SIZE];
      |            [01;35m[K^~~[m[K
[01m[K/home/kcw/capstone_ws/ros2/src/manipulator/src/main.cpp:95:12:[m[K [01;35m[Kwarning: [m[Kunused variable â€˜[01m[Kpoll_state[m[Kâ€™ [[01;35m[K]8;;https://gcc.gnu.org/onlinedocs/gcc/Warning-Options.html#index-Wunused-variable-Wunused-variable]8;;[m[K]
   95 |     int    [01;35m[Kpoll_state[m[K;
      |            [01;35m[K^~~~~~~~~~[m[K
[01m[K/home/kcw/capstone_ws/ros2/src/manipulator/src/main.cpp:114:22:[m[K [01;35m[Kwarning: [m[Kunused variable â€˜[01m[Kbegin[m[Kâ€™ [[01;35m[K]8;;https://gcc.gnu.org/onlinedocs/gcc/Warning-Options.html#index-Wunused-variable-Wunused-variable]8;;[m[K]
  114 |     struct timespec  [01;35m[Kbegin[m[K, end;
      |                      [01;35m[K^~~~~[m[K
[01m[K/home/kcw/capstone_ws/ros2/src/manipulator/src/main.cpp:114:29:[m[K [01;35m[Kwarning: [m[Kunused variable â€˜[01m[Kend[m[Kâ€™ [[01;35m[K]8;;https://gcc.gnu.org/onlinedocs/gcc/Warning-Options.html#index-Wunused-variable-Wunused-variable]8;;[m[K]
  114 |     struct timespec  begin, [01;35m[Kend[m[K;
      |                             [01;35m[K^~~[m[K
[01m[K/home/kcw/capstone_ws/ros2/src/manipulator/src/main.cpp:122:9:[m[K [01;35m[Kwarning: [m[Kunused variable â€˜[01m[Kmotor[m[Kâ€™ [[01;35m[K]8;;https://gcc.gnu.org/onlinedocs/gcc/Warning-Options.html#index-Wunused-variable-Wunused-variable]8;;[m[K]
  122 |     int [01;35m[Kmotor[m[K[motor_num]={0};
      |         [01;35m[K^~~~~[m[K
[01m[K/home/kcw/capstone_ws/ros2/src/manipulator/src/main.cpp:124:19:[m[K [01;35m[Kwarning: [m[Kunused variable â€˜[01m[Kmsg[m[Kâ€™ [[01;35m[K]8;;https://gcc.gnu.org/onlinedocs/gcc/Warning-Options.html#index-Wunused-variable-Wunused-variable]8;;[m[K]
  124 |     unsigned char [01;35m[Kmsg[m[K[1] = {0xAB};
      |                   [01;35m[K^~~[m[K
[01m[K/home/kcw/capstone_ws/ros2/src/manipulator/src/main.cpp:126:9:[m[K [01;35m[Kwarning: [m[Kunused variable â€˜[01m[Kcount[m[Kâ€™ [[01;35m[K]8;;https://gcc.gnu.org/onlinedocs/gcc/Warning-Options.html#index-Wunused-variable-Wunused-variable]8;;[m[K]
  126 |     int [01;35m[Kcount[m[K{0};
      |         [01;35m[K^~~~~[m[K
gmake[2]: *** [CMakeFiles/manipulator.dir/build.make:76: CMakeFiles/manipulator.dir/src/main.cpp.o] Error 1
gmake[1]: *** [CMakeFiles/Makefile2:137: CMakeFiles/manipulator.dir/all] Error 2
gmake: *** [Makefile:146: all] Error 2
