[0.038s] Invoking command in '/home/kcw/capstone_ws/ros2/src/manipulator/build/manipulator': CMAKE_PREFIX_PATH=${CMAKE_PREFIX_PATH}:/opt/ros/humble /home/kcw/.local/bin/cmake --build /home/kcw/capstone_ws/ros2/src/manipulator/build/manipulator -- -j8 -l8
[0.186s] [ 50%] Built target manipulator_read
[0.193s] [ 62%] [32mBuilding CXX object CMakeFiles/manipulator_write.dir/src/pathW.cpp.o[0m
[2.367s] [01m[K/home/kcw/capstone_ws/ros2/src/manipulator/src/pathW.cpp:[m[K In member function â€˜[01m[Kvoid Manipulator::timer_callback()[m[Kâ€™:
[2.367s] [01m[K/home/kcw/capstone_ws/ros2/src/manipulator/src/pathW.cpp:77:31:[m[K [01;35m[Kwarning: [m[KISO C++ forbids converting a string constant to â€˜[01m[Kchar*[m[Kâ€™ [[01;35m[K]8;;https://gcc.gnu.org/onlinedocs/gcc/Warning-Options.html#index-Wwrite-strings-Wwrite-strings]8;;[m[K]
[2.367s]    77 |         if(openSerialPort(&fd,[01;35m[K"/dev/arduinoMega"[m[K)==-1) rclcpp::shutdown();
[2.367s]       |                               [01;35m[K^~~~~~~~~~~~~~~~~~[m[K
[2.369s] [01m[K/home/kcw/capstone_ws/ros2/src/manipulator/src/pathW.cpp:61:13:[m[K [01;35m[Kwarning: [m[Kunused variable â€˜[01m[Kdata_size[m[Kâ€™ [[01;35m[K]8;;https://gcc.gnu.org/onlinedocs/gcc/Warning-Options.html#index-Wunused-variable-Wunused-variable]8;;[m[K]
[2.369s]    61 |         int [01;35m[Kdata_size[m[K{BUF_SIZE};
[2.369s]       |             [01;35m[K^~~~~~~~~[m[K
[2.369s] [01m[K/home/kcw/capstone_ws/ros2/src/manipulator/src/pathW.cpp:62:14:[m[K [01;35m[Kwarning: [m[Kunused variable â€˜[01m[Kinputdata[m[Kâ€™ [[01;35m[K]8;;https://gcc.gnu.org/onlinedocs/gcc/Warning-Options.html#index-Wunused-variable-Wunused-variable]8;;[m[K]
[2.369s]    62 |         char [01;35m[Kinputdata[m[K[BUF_SIZE] = {0};
[2.369s]       |              [01;35m[K^~~~~~~~~[m[K
[2.371s] [01m[K/home/kcw/capstone_ws/ros2/src/manipulator/src/pathW.cpp:[m[K In function â€˜[01m[Kint main(int, char**)[m[Kâ€™:
[2.371s] [01m[K/home/kcw/capstone_ws/ros2/src/manipulator/src/pathW.cpp:149:39:[m[K [01;31m[Kerror: [m[Kno matching function for call to â€˜[01m[Kspin_until_future_complete(std::shared_ptr<Manipulator>&)[m[Kâ€™
[2.371s]   149 |     [01;31m[Krclcpp::spin_until_future_complete(node1)[m[K;
[2.371s]       |     [01;31m[K~~~~~~~~~~~~~~~~~~~~~~~~~~~~~~~~~~^~~~~~~[m[K
[2.373s] In file included from [01m[K/opt/ros/humble/include/rclcpp/rclcpp/rclcpp.hpp:155[m[K,
[2.373s]                  from [01m[K/home/kcw/capstone_ws/ros2/src/manipulator/src/pathW.cpp:30[m[K:
[2.373s] [01m[K/opt/ros/humble/include/rclcpp/rclcpp/executors.hpp:105:1:[m[K [01;36m[Knote: [m[Kcandidate: â€˜[01m[Ktemplate<class FutureT, class TimeRepT, class TimeT> rclcpp::FutureReturnCode rclcpp::spin_until_future_complete(rclcpp::node_interfaces::NodeBaseInterface::SharedPtr, const FutureT&, std::chrono::duration<_Rep, _Period>)[m[Kâ€™
[2.373s]   105 | [01;36m[Kspin_until_future_complete[m[K(
[2.373s]       | [01;36m[K^~~~~~~~~~~~~~~~~~~~~~~~~~[m[K
[2.374s] [01m[K/opt/ros/humble/include/rclcpp/rclcpp/executors.hpp:105:1:[m[K [01;36m[Knote: [m[K  template argument deduction/substitution failed:
[2.374s] [01m[K/home/kcw/capstone_ws/ros2/src/manipulator/src/pathW.cpp:149:39:[m[K [01;36m[Knote: [m[K  candidate expects 3 arguments, 1 provided
[2.374s]   149 |     [01;36m[Krclcpp::spin_until_future_complete(node1)[m[K;
[2.374s]       |     [01;36m[K~~~~~~~~~~~~~~~~~~~~~~~~~~~~~~~~~~^~~~~~~[m[K
[2.374s] In file included from [01m[K/opt/ros/humble/include/rclcpp/rclcpp/rclcpp.hpp:155[m[K,
[2.374s]                  from [01m[K/home/kcw/capstone_ws/ros2/src/manipulator/src/pathW.cpp:30[m[K:
[2.374s] [01m[K/opt/ros/humble/include/rclcpp/rclcpp/executors.hpp:117:1:[m[K [01;36m[Knote: [m[Kcandidate: â€˜[01m[Ktemplate<class NodeT, class FutureT, class TimeRepT, class TimeT> rclcpp::FutureReturnCode rclcpp::spin_until_future_complete(std::shared_ptr<_Tp>, const FutureT&, std::chrono::duration<_Rep2, _Period2>)[m[Kâ€™
[2.374s]   117 | [01;36m[Kspin_until_future_complete[m[K(
[2.374s]       | [01;36m[K^~~~~~~~~~~~~~~~~~~~~~~~~~[m[K
[2.374s] [01m[K/opt/ros/humble/include/rclcpp/rclcpp/executors.hpp:117:1:[m[K [01;36m[Knote: [m[K  template argument deduction/substitution failed:
[2.374s] [01m[K/home/kcw/capstone_ws/ros2/src/manipulator/src/pathW.cpp:149:39:[m[K [01;36m[Knote: [m[K  candidate expects 3 arguments, 1 provided
[2.374s]   149 |     [01;36m[Krclcpp::spin_until_future_complete(node1)[m[K;
[2.374s]       |     [01;36m[K~~~~~~~~~~~~~~~~~~~~~~~~~~~~~~~~~~^~~~~~~[m[K
[3.100s] gmake[2]: *** [CMakeFiles/manipulator_write.dir/build.make:76: CMakeFiles/manipulator_write.dir/src/pathW.cpp.o] Error 1
[3.100s] gmake[1]: *** [CMakeFiles/Makefile2:139: CMakeFiles/manipulator_write.dir/all] Error 2
[3.100s] gmake: *** [Makefile:146: all] Error 2
[3.105s] Invoked command in '/home/kcw/capstone_ws/ros2/src/manipulator/build/manipulator' returned '2': CMAKE_PREFIX_PATH=${CMAKE_PREFIX_PATH}:/opt/ros/humble /home/kcw/.local/bin/cmake --build /home/kcw/capstone_ws/ros2/src/manipulator/build/manipulator -- -j8 -l8
