[0.017s] Invoking command in '/home/kcw/capstone_ws/ros2/src/manipulator/build/manipulator': CMAKE_PREFIX_PATH=${CMAKE_PREFIX_PATH}:/opt/ros/humble /home/kcw/.local/bin/cmake --build /home/kcw/capstone_ws/ros2/src/manipulator/build/manipulator -- -j8 -l8
[0.065s] [ 50%] Built target manipulator_read
[0.071s] [ 62%] [32mBuilding CXX object CMakeFiles/manipulator_write.dir/src/pathW.cpp.o[0m
[1.891s] [01m[K/home/kcw/capstone_ws/ros2/src/manipulator/src/pathW.cpp:[m[K In constructor â€˜[01m[KManipulator::Manipulator()[m[Kâ€™:
[1.891s] [01m[K/home/kcw/capstone_ws/ros2/src/manipulator/src/pathW.cpp:45:9:[m[K [01;31m[Kerror: [m[Kâ€˜[01m[Ka[m[Kâ€™ was not declared in this scope
[1.891s]    45 |         [01;31m[Ka[m[K = this->crea
[1.891s]       |         [01;31m[K^[m[K
[1.891s] [01m[K/home/kcw/capstone_ws/ros2/src/manipulator/src/pathW.cpp:45:19:[m[K [01;31m[Kerror: [m[Kâ€˜[01m[Kclass Manipulator[m[Kâ€™ has no member named â€˜[01m[Kcrea[m[Kâ€™
[1.891s]    45 |         a = this->[01;31m[Kcrea[m[K
[1.891s]       |                   [01;31m[K^~~~[m[K
[1.891s] [01m[K/home/kcw/capstone_ws/ros2/src/manipulator/src/pathW.cpp:[m[K In member function â€˜[01m[Kvoid Manipulator::timer_callback()[m[Kâ€™:
[1.891s] [01m[K/home/kcw/capstone_ws/ros2/src/manipulator/src/pathW.cpp:78:31:[m[K [01;35m[Kwarning: [m[KISO C++ forbids converting a string constant to â€˜[01m[Kchar*[m[Kâ€™ [[01;35m[K]8;;https://gcc.gnu.org/onlinedocs/gcc/Warning-Options.html#index-Wwrite-strings-Wwrite-strings]8;;[m[K]
[1.892s]    78 |         if(openSerialPort(&fd,[01;35m[K"/dev/arduinoMega"[m[K)==-1) rclcpp::shutdown();
[1.892s]       |                               [01;35m[K^~~~~~~~~~~~~~~~~~[m[K
[1.894s] [01m[K/home/kcw/capstone_ws/ros2/src/manipulator/src/pathW.cpp:62:13:[m[K [01;35m[Kwarning: [m[Kunused variable â€˜[01m[Kdata_size[m[Kâ€™ [[01;35m[K]8;;https://gcc.gnu.org/onlinedocs/gcc/Warning-Options.html#index-Wunused-variable-Wunused-variable]8;;[m[K]
[1.894s]    62 |         int [01;35m[Kdata_size[m[K{BUF_SIZE};
[1.894s]       |             [01;35m[K^~~~~~~~~[m[K
[1.894s] [01m[K/home/kcw/capstone_ws/ros2/src/manipulator/src/pathW.cpp:63:14:[m[K [01;35m[Kwarning: [m[Kunused variable â€˜[01m[Kinputdata[m[Kâ€™ [[01;35m[K]8;;https://gcc.gnu.org/onlinedocs/gcc/Warning-Options.html#index-Wunused-variable-Wunused-variable]8;;[m[K]
[1.894s]    63 |         char [01;35m[Kinputdata[m[K[BUF_SIZE] = {0};
[1.894s]       |              [01;35m[K^~~~~~~~~[m[K
[1.901s] [01m[K/home/kcw/capstone_ws/ros2/src/manipulator/src/pathW.cpp:[m[K In function â€˜[01m[Kint main(int, char**)[m[Kâ€™:
[1.901s] [01m[K/home/kcw/capstone_ws/ros2/src/manipulator/src/pathW.cpp:149:5:[m[K [01;31m[Kerror: [m[Kâ€˜[01m[Kspin_node_once[m[Kâ€™ was not declared in this scope
[1.901s]   149 |     [01;31m[Kspin_node_once[m[K(node1);
[1.901s]       |     [01;31m[K^~~~~~~~~~~~~~[m[K
[2.514s] gmake[2]: *** [CMakeFiles/manipulator_write.dir/build.make:76: CMakeFiles/manipulator_write.dir/src/pathW.cpp.o] Error 1
[2.514s] gmake[1]: *** [CMakeFiles/Makefile2:139: CMakeFiles/manipulator_write.dir/all] Error 2
[2.514s] gmake: *** [Makefile:146: all] Error 2
[2.519s] Invoked command in '/home/kcw/capstone_ws/ros2/src/manipulator/build/manipulator' returned '2': CMAKE_PREFIX_PATH=${CMAKE_PREFIX_PATH}:/opt/ros/humble /home/kcw/.local/bin/cmake --build /home/kcw/capstone_ws/ros2/src/manipulator/build/manipulator -- -j8 -l8
