[01m[K/home/kcw/capstone_ws/ros2/src/manipulator/src/main.cpp:[m[K In member function â€˜[01m[Kvoid Manipulator::timer_callback()[m[Kâ€™:
[01m[K/home/kcw/capstone_ws/ros2/src/manipulator/src/main.cpp:80:31:[m[K [01;35m[Kwarning: [m[KISO C++ forbids converting a string constant to â€˜[01m[Kchar*[m[Kâ€™ [[01;35m[K]8;;https://gcc.gnu.org/onlinedocs/gcc/Warning-Options.html#index-Wwrite-strings-Wwrite-strings]8;;[m[K]
   80 |         if(openSerialPort(&fd,[01;35m[K"/dev/arduinoMega"[m[K)==-1) rclcpp::shutdown();
      |                               [01;35m[K^~~~~~~~~~~~~~~~~~[m[K
[01m[K/home/kcw/capstone_ws/ros2/src/manipulator/src/main.cpp:62:13:[m[K [01;35m[Kwarning: [m[Kunused variable â€˜[01m[Kdata_size[m[Kâ€™ [[01;35m[K]8;;https://gcc.gnu.org/onlinedocs/gcc/Warning-Options.html#index-Wunused-variable-Wunused-variable]8;;[m[K]
   62 |         int [01;35m[Kdata_size[m[K{BUF_SIZE};
      |             [01;35m[K^~~~~~~~~[m[K
[01m[K/home/kcw/capstone_ws/ros2/src/manipulator/src/main.cpp:63:14:[m[K [01;35m[Kwarning: [m[Kunused variable â€˜[01m[Kinputdata[m[Kâ€™ [[01;35m[K]8;;https://gcc.gnu.org/onlinedocs/gcc/Warning-Options.html#index-Wunused-variable-Wunused-variable]8;;[m[K]
   63 |         char [01;35m[Kinputdata[m[K[BUF_SIZE] = {0};
      |              [01;35m[K^~~~~~~~~[m[K
[01m[K/home/kcw/capstone_ws/ros2/src/manipulator/src/main.cpp:66:16:[m[K [01;35m[Kwarning: [m[Kunused variable â€˜[01m[Kmt[m[Kâ€™ [[01;35m[K]8;;https://gcc.gnu.org/onlinedocs/gcc/Warning-Options.html#index-Wunused-variable-Wunused-variable]8;;[m[K]
   66 |         int    [01;35m[Kmt[m[K;
      |                [01;35m[K^~[m[K
[01m[K/home/kcw/capstone_ws/ros2/src/manipulator/src/main.cpp:67:16:[m[K [01;35m[Kwarning: [m[Kunused variable â€˜[01m[Kndx[m[Kâ€™ [[01;35m[K]8;;https://gcc.gnu.org/onlinedocs/gcc/Warning-Options.html#index-Wunused-variable-Wunused-variable]8;;[m[K]
   67 |         int    [01;35m[Kndx[m[K;
      |                [01;35m[K^~~[m[K
[01m[K/home/kcw/capstone_ws/ros2/src/manipulator/src/main.cpp:[m[K In function â€˜[01m[Kint main()[m[Kâ€™:
[01m[K/home/kcw/capstone_ws/ros2/src/manipulator/src/main.cpp:146:17:[m[K [01;31m[Kerror: [m[Ktoo few arguments to function â€˜[01m[Kvoid rclcpp::init(int, const char* const*, const rclcpp::InitOptions&, rclcpp::SignalHandlerOptions)[m[Kâ€™
  146 |     [01;31m[Krclcpp::init()[m[K;
      |     [01;31m[K~~~~~~~~~~~~^~[m[K
In file included from [01m[K/opt/ros/humble/include/rclcpp/rclcpp/logging.hpp:25[m[K,
                 from [01m[K/opt/ros/humble/include/rclcpp/rclcpp/client.hpp:40[m[K,
                 from [01m[K/opt/ros/humble/include/rclcpp/rclcpp/callback_group.hpp:24[m[K,
                 from [01m[K/opt/ros/humble/include/rclcpp/rclcpp/any_executable.hpp:20[m[K,
                 from [01m[K/opt/ros/humble/include/rclcpp/rclcpp/memory_strategy.hpp:25[m[K,
                 from [01m[K/opt/ros/humble/include/rclcpp/rclcpp/memory_strategies.hpp:18[m[K,
                 from [01m[K/opt/ros/humble/include/rclcpp/rclcpp/executor_options.hpp:20[m[K,
                 from [01m[K/opt/ros/humble/include/rclcpp/rclcpp/executor.hpp:37[m[K,
                 from [01m[K/opt/ros/humble/include/rclcpp/rclcpp/executors/multi_threaded_executor.hpp:25[m[K,
                 from [01m[K/opt/ros/humble/include/rclcpp/rclcpp/executors.hpp:21[m[K,
                 from [01m[K/opt/ros/humble/include/rclcpp/rclcpp/rclcpp.hpp:155[m[K,
                 from [01m[K/home/kcw/capstone_ws/ros2/src/manipulator/src/main.cpp:30[m[K:
[01m[K/opt/ros/humble/include/rclcpp/rclcpp/utilities.hpp:75:1:[m[K [01;36m[Knote: [m[Kdeclared here
   75 | [01;36m[Kinit[m[K(
      | [01;36m[K^~~~[m[K
gmake[2]: *** [CMakeFiles/manipulator.dir/build.make:76: CMakeFiles/manipulator.dir/src/main.cpp.o] Error 1
gmake[1]: *** [CMakeFiles/Makefile2:137: CMakeFiles/manipulator.dir/all] Error 2
gmake: *** [Makefile:146: all] Error 2
