[0.019s] Invoking command in '/home/kcw/capstone_ws/ros2/src/manipulator/build/manipulator': CMAKE_PREFIX_PATH=${CMAKE_PREFIX_PATH}:/opt/ros/humble /home/kcw/.local/bin/cmake --build /home/kcw/capstone_ws/ros2/src/manipulator/build/manipulator -- -j8 -l8
[0.081s] [ 25%] [32mBuilding CXX object CMakeFiles/manipulator.dir/src/main.cpp.o[0m
[2.237s] [01m[K/home/kcw/capstone_ws/ros2/src/manipulator/src/main.cpp:[m[K In member function â€˜[01m[Kvoid Manipulator::timer_callback()[m[Kâ€™:
[2.237s] [01m[K/home/kcw/capstone_ws/ros2/src/manipulator/src/main.cpp:80:31:[m[K [01;35m[Kwarning: [m[KISO C++ forbids converting a string constant to â€˜[01m[Kchar*[m[Kâ€™ [[01;35m[K]8;;https://gcc.gnu.org/onlinedocs/gcc/Warning-Options.html#index-Wwrite-strings-Wwrite-strings]8;;[m[K]
[2.237s]    80 |         if(openSerialPort(&fd,[01;35m[K"/dev/arduinoMega"[m[K)==-1) rclcpp::shutdown();
[2.237s]       |                               [01;35m[K^~~~~~~~~~~~~~~~~~[m[K
[2.239s] [01m[K/home/kcw/capstone_ws/ros2/src/manipulator/src/main.cpp:62:13:[m[K [01;35m[Kwarning: [m[Kunused variable â€˜[01m[Kdata_size[m[Kâ€™ [[01;35m[K]8;;https://gcc.gnu.org/onlinedocs/gcc/Warning-Options.html#index-Wunused-variable-Wunused-variable]8;;[m[K]
[2.239s]    62 |         int [01;35m[Kdata_size[m[K{BUF_SIZE};
[2.239s]       |             [01;35m[K^~~~~~~~~[m[K
[2.240s] [01m[K/home/kcw/capstone_ws/ros2/src/manipulator/src/main.cpp:63:14:[m[K [01;35m[Kwarning: [m[Kunused variable â€˜[01m[Kinputdata[m[Kâ€™ [[01;35m[K]8;;https://gcc.gnu.org/onlinedocs/gcc/Warning-Options.html#index-Wunused-variable-Wunused-variable]8;;[m[K]
[2.240s]    63 |         char [01;35m[Kinputdata[m[K[BUF_SIZE] = {0};
[2.240s]       |              [01;35m[K^~~~~~~~~[m[K
[2.240s] [01m[K/home/kcw/capstone_ws/ros2/src/manipulator/src/main.cpp:66:16:[m[K [01;35m[Kwarning: [m[Kunused variable â€˜[01m[Kmt[m[Kâ€™ [[01;35m[K]8;;https://gcc.gnu.org/onlinedocs/gcc/Warning-Options.html#index-Wunused-variable-Wunused-variable]8;;[m[K]
[2.240s]    66 |         int    [01;35m[Kmt[m[K;
[2.240s]       |                [01;35m[K^~[m[K
[2.240s] [01m[K/home/kcw/capstone_ws/ros2/src/manipulator/src/main.cpp:67:16:[m[K [01;35m[Kwarning: [m[Kunused variable â€˜[01m[Kndx[m[Kâ€™ [[01;35m[K]8;;https://gcc.gnu.org/onlinedocs/gcc/Warning-Options.html#index-Wunused-variable-Wunused-variable]8;;[m[K]
[2.240s]    67 |         int    [01;35m[Kndx[m[K;
[2.240s]       |                [01;35m[K^~~[m[K
[2.242s] [01m[K/home/kcw/capstone_ws/ros2/src/manipulator/src/main.cpp:[m[K In function â€˜[01m[Kint main()[m[Kâ€™:
[2.242s] [01m[K/home/kcw/capstone_ws/ros2/src/manipulator/src/main.cpp:146:18:[m[K [01;31m[Kerror: [m[Kâ€˜[01m[Kargc[m[Kâ€™ was not declared in this scope
[2.243s]   146 |     rclcpp::init([01;31m[Kargc[m[K, argv);
[2.243s]       |                  [01;31m[K^~~~[m[K
[2.245s] [01m[K/home/kcw/capstone_ws/ros2/src/manipulator/src/main.cpp:146:24:[m[K [01;31m[Kerror: [m[Kâ€˜[01m[Kargv[m[Kâ€™ was not declared in this scope
[2.245s]   146 |     rclcpp::init(argc, [01;31m[Kargv[m[K);
[2.245s]       |                        [01;31m[K^~~~[m[K
[2.949s] gmake[2]: *** [CMakeFiles/manipulator.dir/build.make:76: CMakeFiles/manipulator.dir/src/main.cpp.o] Error 1
[2.949s] gmake[1]: *** [CMakeFiles/Makefile2:137: CMakeFiles/manipulator.dir/all] Error 2
[2.950s] gmake: *** [Makefile:146: all] Error 2
[2.955s] Invoked command in '/home/kcw/capstone_ws/ros2/src/manipulator/build/manipulator' returned '2': CMAKE_PREFIX_PATH=${CMAKE_PREFIX_PATH}:/opt/ros/humble /home/kcw/.local/bin/cmake --build /home/kcw/capstone_ws/ros2/src/manipulator/build/manipulator -- -j8 -l8
