[0.023s] Invoking command in '/home/kcw/capstone_ws/ros2/src/manipulator/build/manipulator': CMAKE_PREFIX_PATH=${CMAKE_PREFIX_PATH}:/opt/ros/humble /home/kcw/.local/bin/cmake --build /home/kcw/capstone_ws/ros2/src/manipulator/build/manipulator -- -j8 -l8
[0.080s] [ 50%] Built target manipulator_read
[0.087s] [ 62%] [32mBuilding CXX object CMakeFiles/manipulator_write.dir/src/pathW.cpp.o[0m
[2.123s] [01m[K/home/kcw/capstone_ws/ros2/src/manipulator/src/pathW.cpp:[m[K In constructor â€˜[01m[KManipulator::Manipulator()[m[Kâ€™:
[2.123s] [01m[K/home/kcw/capstone_ws/ros2/src/manipulator/src/pathW.cpp:45:9:[m[K [01;31m[Kerror: [m[Kâ€˜[01m[Ka[m[Kâ€™ was not declared in this scope
[2.123s]    45 |         [01;31m[Ka[m[K = this->crea
[2.124s]       |         [01;31m[K^[m[K
[2.124s] [01m[K/home/kcw/capstone_ws/ros2/src/manipulator/src/pathW.cpp:45:19:[m[K [01;31m[Kerror: [m[Kâ€˜[01m[Kclass Manipulator[m[Kâ€™ has no member named â€˜[01m[Kcrea[m[Kâ€™
[2.124s]    45 |         a = this->[01;31m[Kcrea[m[K
[2.124s]       |                   [01;31m[K^~~~[m[K
[2.125s] [01m[K/home/kcw/capstone_ws/ros2/src/manipulator/src/pathW.cpp:[m[K In member function â€˜[01m[Kvoid Manipulator::timer_callback()[m[Kâ€™:
[2.125s] [01m[K/home/kcw/capstone_ws/ros2/src/manipulator/src/pathW.cpp:78:31:[m[K [01;35m[Kwarning: [m[KISO C++ forbids converting a string constant to â€˜[01m[Kchar*[m[Kâ€™ [[01;35m[K]8;;https://gcc.gnu.org/onlinedocs/gcc/Warning-Options.html#index-Wwrite-strings-Wwrite-strings]8;;[m[K]
[2.125s]    78 |         if(openSerialPort(&fd,[01;35m[K"/dev/arduinoMega"[m[K)==-1) rclcpp::shutdown();
[2.125s]       |                               [01;35m[K^~~~~~~~~~~~~~~~~~[m[K
[2.129s] [01m[K/home/kcw/capstone_ws/ros2/src/manipulator/src/pathW.cpp:62:13:[m[K [01;35m[Kwarning: [m[Kunused variable â€˜[01m[Kdata_size[m[Kâ€™ [[01;35m[K]8;;https://gcc.gnu.org/onlinedocs/gcc/Warning-Options.html#index-Wunused-variable-Wunused-variable]8;;[m[K]
[2.129s]    62 |         int [01;35m[Kdata_size[m[K{BUF_SIZE};
[2.130s]       |             [01;35m[K^~~~~~~~~[m[K
[2.130s] [01m[K/home/kcw/capstone_ws/ros2/src/manipulator/src/pathW.cpp:63:14:[m[K [01;35m[Kwarning: [m[Kunused variable â€˜[01m[Kinputdata[m[Kâ€™ [[01;35m[K]8;;https://gcc.gnu.org/onlinedocs/gcc/Warning-Options.html#index-Wunused-variable-Wunused-variable]8;;[m[K]
[2.130s]    63 |         char [01;35m[Kinputdata[m[K[BUF_SIZE] = {0};
[2.130s]       |              [01;35m[K^~~~~~~~~[m[K
[2.132s] [01m[K/home/kcw/capstone_ws/ros2/src/manipulator/src/pathW.cpp:[m[K In function â€˜[01m[Kint main(int, char**)[m[Kâ€™:
[2.132s] [01m[K/home/kcw/capstone_ws/ros2/src/manipulator/src/pathW.cpp:149:37:[m[K [01;31m[Kerror: [m[Kno matching function for call to â€˜[01m[Krclcpp::Executor::spin_node_once(std::shared_ptr<Manipulator>&, int)[m[Kâ€™
[2.132s]   149 |     [01;31m[Krclcpp::Executor::spin_node_once(node1,1)[m[K;
[2.132s]       |     [01;31m[K~~~~~~~~~~~~~~~~~~~~~~~~~~~~~~~~^~~~~~~~~[m[K
[2.133s] In file included from [01m[K/opt/ros/humble/include/rclcpp/rclcpp/executors/multi_threaded_executor.hpp:25[m[K,
[2.133s]                  from [01m[K/opt/ros/humble/include/rclcpp/rclcpp/executors.hpp:21[m[K,
[2.133s]                  from [01m[K/opt/ros/humble/include/rclcpp/rclcpp/rclcpp.hpp:155[m[K,
[2.133s]                  from [01m[K/home/kcw/capstone_ws/ros2/src/manipulator/src/pathW.cpp:30[m[K:
[2.133s] [01m[K/opt/ros/humble/include/rclcpp/rclcpp/executor.hpp:248:3:[m[K [01;36m[Knote: [m[Kcandidate: â€˜[01m[Ktemplate<class RepT, class T> void rclcpp::Executor::spin_node_once(rclcpp::node_interfaces::NodeBaseInterface::SharedPtr, std::chrono::duration<_Rep1, _Period1>)[m[Kâ€™
[2.133s]   248 |   [01;36m[Kspin_node_once[m[K(
[2.133s]       |   [01;36m[K^~~~~~~~~~~~~~[m[K
[2.133s] [01m[K/opt/ros/humble/include/rclcpp/rclcpp/executor.hpp:248:3:[m[K [01;36m[Knote: [m[K  template argument deduction/substitution failed:
[2.133s] [01m[K/home/kcw/capstone_ws/ros2/src/manipulator/src/pathW.cpp:149:37:[m[K [01;36m[Knote: [m[K  mismatched types â€˜[01m[Kstd::chrono::duration<_Rep1, _Period1>[m[Kâ€™ and â€˜[01m[Kint[m[Kâ€™
[2.133s]   149 |     [01;36m[Krclcpp::Executor::spin_node_once(node1,1)[m[K;
[2.133s]       |     [01;36m[K~~~~~~~~~~~~~~~~~~~~~~~~~~~~~~~~^~~~~~~~~[m[K
[2.134s] In file included from [01m[K/opt/ros/humble/include/rclcpp/rclcpp/executors/multi_threaded_executor.hpp:25[m[K,
[2.134s]                  from [01m[K/opt/ros/humble/include/rclcpp/rclcpp/executors.hpp:21[m[K,
[2.134s]                  from [01m[K/opt/ros/humble/include/rclcpp/rclcpp/rclcpp.hpp:155[m[K,
[2.134s]                  from [01m[K/home/kcw/capstone_ws/ros2/src/manipulator/src/pathW.cpp:30[m[K:
[2.134s] [01m[K/opt/ros/humble/include/rclcpp/rclcpp/executor.hpp:261:3:[m[K [01;36m[Knote: [m[Kcandidate: â€˜[01m[Ktemplate<class NodeT, class RepT, class T> void rclcpp::Executor::spin_node_once(std::shared_ptr<_Tp>, std::chrono::duration<_Rep, _Period>)[m[Kâ€™
[2.134s]   261 |   [01;36m[Kspin_node_once[m[K(
[2.134s]       |   [01;36m[K^~~~~~~~~~~~~~[m[K
[2.134s] [01m[K/opt/ros/humble/include/rclcpp/rclcpp/executor.hpp:261:3:[m[K [01;36m[Knote: [m[K  template argument deduction/substitution failed:
[2.134s] [01m[K/home/kcw/capstone_ws/ros2/src/manipulator/src/pathW.cpp:149:37:[m[K [01;36m[Knote: [m[K  mismatched types â€˜[01m[Kstd::chrono::duration<_Rep, _Period>[m[Kâ€™ and â€˜[01m[Kint[m[Kâ€™
[2.134s]   149 |     [01;36m[Krclcpp::Executor::spin_node_once(node1,1)[m[K;
[2.134s]       |     [01;36m[K~~~~~~~~~~~~~~~~~~~~~~~~~~~~~~~~^~~~~~~~~[m[K
[2.801s] gmake[2]: *** [CMakeFiles/manipulator_write.dir/build.make:76: CMakeFiles/manipulator_write.dir/src/pathW.cpp.o] Error 1
[2.802s] gmake[1]: *** [CMakeFiles/Makefile2:139: CMakeFiles/manipulator_write.dir/all] Error 2
[2.802s] gmake: *** [Makefile:146: all] Error 2
[2.807s] Invoked command in '/home/kcw/capstone_ws/ros2/src/manipulator/build/manipulator' returned '2': CMAKE_PREFIX_PATH=${CMAKE_PREFIX_PATH}:/opt/ros/humble /home/kcw/.local/bin/cmake --build /home/kcw/capstone_ws/ros2/src/manipulator/build/manipulator -- -j8 -l8
