[ 50%] Built target manipulator_read
[ 62%] [32mBuilding CXX object CMakeFiles/manipulator_write.dir/src/pathW.cpp.o[0m
[01m[K/home/kcw/capstone_ws/ros2/src/manipulator/src/pathW.cpp:[m[K In member function â€˜[01m[Kvoid Manipulator::timer_callback()[m[Kâ€™:
[01m[K/home/kcw/capstone_ws/ros2/src/manipulator/src/pathW.cpp:77:31:[m[K [01;35m[Kwarning: [m[KISO C++ forbids converting a string constant to â€˜[01m[Kchar*[m[Kâ€™ [[01;35m[K]8;;https://gcc.gnu.org/onlinedocs/gcc/Warning-Options.html#index-Wwrite-strings-Wwrite-strings]8;;[m[K]
   77 |         if(openSerialPort(&fd,[01;35m[K"/dev/arduinoMega"[m[K)==-1) rclcpp::shutdown();
      |                               [01;35m[K^~~~~~~~~~~~~~~~~~[m[K
[01m[K/home/kcw/capstone_ws/ros2/src/manipulator/src/pathW.cpp:61:13:[m[K [01;35m[Kwarning: [m[Kunused variable â€˜[01m[Kdata_size[m[Kâ€™ [[01;35m[K]8;;https://gcc.gnu.org/onlinedocs/gcc/Warning-Options.html#index-Wunused-variable-Wunused-variable]8;;[m[K]
   61 |         int [01;35m[Kdata_size[m[K{BUF_SIZE};
      |             [01;35m[K^~~~~~~~~[m[K
[01m[K/home/kcw/capstone_ws/ros2/src/manipulator/src/pathW.cpp:62:14:[m[K [01;35m[Kwarning: [m[Kunused variable â€˜[01m[Kinputdata[m[Kâ€™ [[01;35m[K]8;;https://gcc.gnu.org/onlinedocs/gcc/Warning-Options.html#index-Wunused-variable-Wunused-variable]8;;[m[K]
   62 |         char [01;35m[Kinputdata[m[K[BUF_SIZE] = {0};
      |              [01;35m[K^~~~~~~~~[m[K
[01m[K/home/kcw/capstone_ws/ros2/src/manipulator/src/pathW.cpp:[m[K In function â€˜[01m[Kint main(int, char**)[m[Kâ€™:
[01m[K/home/kcw/capstone_ws/ros2/src/manipulator/src/pathW.cpp:148:37:[m[K [01;31m[Kerror: [m[Kno matching function for call to â€˜[01m[Krclcpp::Executor::spin_node_once(std::shared_ptr<Manipulator>&, int)[m[Kâ€™
  148 |     [01;31m[Krclcpp::Executor::spin_node_once(node1,1)[m[K;
      |     [01;31m[K~~~~~~~~~~~~~~~~~~~~~~~~~~~~~~~~^~~~~~~~~[m[K
In file included from [01m[K/opt/ros/humble/include/rclcpp/rclcpp/executors/multi_threaded_executor.hpp:25[m[K,
                 from [01m[K/opt/ros/humble/include/rclcpp/rclcpp/executors.hpp:21[m[K,
                 from [01m[K/opt/ros/humble/include/rclcpp/rclcpp/rclcpp.hpp:155[m[K,
                 from [01m[K/home/kcw/capstone_ws/ros2/src/manipulator/src/pathW.cpp:30[m[K:
[01m[K/opt/ros/humble/include/rclcpp/rclcpp/executor.hpp:248:3:[m[K [01;36m[Knote: [m[Kcandidate: â€˜[01m[Ktemplate<class RepT, class T> void rclcpp::Executor::spin_node_once(rclcpp::node_interfaces::NodeBaseInterface::SharedPtr, std::chrono::duration<_Rep1, _Period1>)[m[Kâ€™
  248 |   [01;36m[Kspin_node_once[m[K(
      |   [01;36m[K^~~~~~~~~~~~~~[m[K
[01m[K/opt/ros/humble/include/rclcpp/rclcpp/executor.hpp:248:3:[m[K [01;36m[Knote: [m[K  template argument deduction/substitution failed:
[01m[K/home/kcw/capstone_ws/ros2/src/manipulator/src/pathW.cpp:148:37:[m[K [01;36m[Knote: [m[K  mismatched types â€˜[01m[Kstd::chrono::duration<_Rep1, _Period1>[m[Kâ€™ and â€˜[01m[Kint[m[Kâ€™
  148 |     [01;36m[Krclcpp::Executor::spin_node_once(node1,1)[m[K;
      |     [01;36m[K~~~~~~~~~~~~~~~~~~~~~~~~~~~~~~~~^~~~~~~~~[m[K
In file included from [01m[K/opt/ros/humble/include/rclcpp/rclcpp/executors/multi_threaded_executor.hpp:25[m[K,
                 from [01m[K/opt/ros/humble/include/rclcpp/rclcpp/executors.hpp:21[m[K,
                 from [01m[K/opt/ros/humble/include/rclcpp/rclcpp/rclcpp.hpp:155[m[K,
                 from [01m[K/home/kcw/capstone_ws/ros2/src/manipulator/src/pathW.cpp:30[m[K:
[01m[K/opt/ros/humble/include/rclcpp/rclcpp/executor.hpp:261:3:[m[K [01;36m[Knote: [m[Kcandidate: â€˜[01m[Ktemplate<class NodeT, class RepT, class T> void rclcpp::Executor::spin_node_once(std::shared_ptr<_Tp>, std::chrono::duration<_Rep, _Period>)[m[Kâ€™
  261 |   [01;36m[Kspin_node_once[m[K(
      |   [01;36m[K^~~~~~~~~~~~~~[m[K
[01m[K/opt/ros/humble/include/rclcpp/rclcpp/executor.hpp:261:3:[m[K [01;36m[Knote: [m[K  template argument deduction/substitution failed:
[01m[K/home/kcw/capstone_ws/ros2/src/manipulator/src/pathW.cpp:148:37:[m[K [01;36m[Knote: [m[K  mismatched types â€˜[01m[Kstd::chrono::duration<_Rep, _Period>[m[Kâ€™ and â€˜[01m[Kint[m[Kâ€™
  148 |     [01;36m[Krclcpp::Executor::spin_node_once(node1,1)[m[K;
      |     [01;36m[K~~~~~~~~~~~~~~~~~~~~~~~~~~~~~~~~^~~~~~~~~[m[K
gmake[2]: *** [CMakeFiles/manipulator_write.dir/build.make:76: CMakeFiles/manipulator_write.dir/src/pathW.cpp.o] Error 1
gmake[1]: *** [CMakeFiles/Makefile2:139: CMakeFiles/manipulator_write.dir/all] Error 2
gmake: *** [Makefile:146: all] Error 2
