[01m[K/home/kcw/capstone_ws/2024CapstoneDesign/ros2/src/manipulator/src/motor.cpp:63:10:[m[K [01;31m[Kerror: [m[Kâ€˜[01m[Kcout[m[Kâ€™ in namespace â€˜[01m[Kstd[m[Kâ€™ does not name a type
   63 |     std::[01;31m[Kcout[m[K << "\x1b[38;5;39m3M_MANIPULATOR v1.0\x1b[0m\n\n";
      |          [01;31m[K^~~~[m[K
In file included from [01m[K/home/kcw/capstone_ws/2024CapstoneDesign/ros2/src/manipulator/src/motor.cpp:24[m[K:
[01m[K/usr/include/c++/11/iostream:61:18:[m[K [01;36m[Knote: [m[Kâ€˜[01m[Kstd::cout[m[Kâ€™ declared here
   61 |   extern ostream [01;36m[Kcout[m[K;          /// Linked to standard output
      |                  [01;36m[K^~~~[m[K
[01m[K/home/kcw/capstone_ws/2024CapstoneDesign/ros2/src/manipulator/src/motor.cpp:64:11:[m[K [01;31m[Kerror: [m[Kexpected constructor, destructor, or type conversion before â€˜[01m[K([m[Kâ€™ token
   64 |     usleep[01;31m[K([m[K1000000);
      |           [01;31m[K^[m[K
[01m[K/home/kcw/capstone_ws/2024CapstoneDesign/ros2/src/manipulator/src/motor.cpp:66:10:[m[K [01;31m[Kerror: [m[Kâ€˜[01m[Kcout[m[Kâ€™ in namespace â€˜[01m[Kstd[m[Kâ€™ does not name a type
   66 |     std::[01;31m[Kcout[m[K << "\x1b[38;5;46m[SYSTEM]\x1b[0m: ";
      |          [01;31m[K^~~~[m[K
In file included from [01m[K/home/kcw/capstone_ws/2024CapstoneDesign/ros2/src/manipulator/src/motor.cpp:24[m[K:
[01m[K/usr/include/c++/11/iostream:61:18:[m[K [01;36m[Knote: [m[Kâ€˜[01m[Kstd::cout[m[Kâ€™ declared here
   61 |   extern ostream [01;36m[Kcout[m[K;          /// Linked to standard output
      |                  [01;36m[K^~~~[m[K
[01m[K/home/kcw/capstone_ws/2024CapstoneDesign/ros2/src/manipulator/src/motor.cpp:67:10:[m[K [01;31m[Kerror: [m[Kâ€˜[01m[Kcout[m[Kâ€™ in namespace â€˜[01m[Kstd[m[Kâ€™ does not name a type
   67 |     std::[01;31m[Kcout[m[K << "ROS2 ë¥¼ ì´ˆê¸°í™”ì¤‘ìž…ë‹ˆë‹¤...";
      |          [01;31m[K^~~~[m[K
In file included from [01m[K/home/kcw/capstone_ws/2024CapstoneDesign/ros2/src/manipulator/src/motor.cpp:24[m[K:
[01m[K/usr/include/c++/11/iostream:61:18:[m[K [01;36m[Knote: [m[Kâ€˜[01m[Kstd::cout[m[Kâ€™ declared here
   61 |   extern ostream [01;36m[Kcout[m[K;          /// Linked to standard output
      |                  [01;36m[K^~~~[m[K
[01m[K/home/kcw/capstone_ws/2024CapstoneDesign/ros2/src/manipulator/src/motor.cpp:68:17:[m[K [01;31m[Kerror: [m[Kexpected constructor, destructor, or type conversion before â€˜[01m[K([m[Kâ€™ token
   68 |     rclcpp::init[01;31m[K([m[Kargc, argv);
      |                 [01;31m[K^[m[K
[01m[K/home/kcw/capstone_ws/2024CapstoneDesign/ros2/src/manipulator/src/motor.cpp:70:10:[m[K [01;31m[Kerror: [m[Kâ€˜[01m[Kcout[m[Kâ€™ in namespace â€˜[01m[Kstd[m[Kâ€™ does not name a type
   70 |     std::[01;31m[Kcout[m[K << "ì™„ë£Œ!\n\n";
      |          [01;31m[K^~~~[m[K
In file included from [01m[K/home/kcw/capstone_ws/2024CapstoneDesign/ros2/src/manipulator/src/motor.cpp:24[m[K:
[01m[K/usr/include/c++/11/iostream:61:18:[m[K [01;36m[Knote: [m[Kâ€˜[01m[Kstd::cout[m[Kâ€™ declared here
   61 |   extern ostream [01;36m[Kcout[m[K;          /// Linked to standard output
      |                  [01;36m[K^~~~[m[K
[01m[K/home/kcw/capstone_ws/2024CapstoneDesign/ros2/src/manipulator/src/motor.cpp:71:11:[m[K [01;31m[Kerror: [m[Kexpected constructor, destructor, or type conversion before â€˜[01m[K([m[Kâ€™ token
   71 |     usleep[01;31m[K([m[K1000000);
      |           [01;31m[K^[m[K
[01m[K/home/kcw/capstone_ws/2024CapstoneDesign/ros2/src/manipulator/src/motor.cpp:73:10:[m[K [01;31m[Kerror: [m[Kâ€˜[01m[Kcout[m[Kâ€™ in namespace â€˜[01m[Kstd[m[Kâ€™ does not name a type
   73 |     std::[01;31m[Kcout[m[K << "\x1b[38;5;46m[SYSTEM]\x1b[0m: ";
      |          [01;31m[K^~~~[m[K
In file included from [01m[K/home/kcw/capstone_ws/2024CapstoneDesign/ros2/src/manipulator/src/motor.cpp:24[m[K:
[01m[K/usr/include/c++/11/iostream:61:18:[m[K [01;36m[Knote: [m[Kâ€˜[01m[Kstd::cout[m[Kâ€™ declared here
   61 |   extern ostream [01;36m[Kcout[m[K;          /// Linked to standard output
      |                  [01;36m[K^~~~[m[K
[01m[K/home/kcw/capstone_ws/2024CapstoneDesign/ros2/src/manipulator/src/motor.cpp:74:10:[m[K [01;31m[Kerror: [m[Kâ€˜[01m[Kcout[m[Kâ€™ in namespace â€˜[01m[Kstd[m[Kâ€™ does not name a type
   74 |     std::[01;31m[Kcout[m[K << "ë§¤ë‹ˆí“°ë ˆì´í„°ì™€ ì—°ê²°ì¤‘ìž…ë‹ˆë‹¤...";
      |          [01;31m[K^~~~[m[K
In file included from [01m[K/home/kcw/capstone_ws/2024CapstoneDesign/ros2/src/manipulator/src/motor.cpp:24[m[K:
[01m[K/usr/include/c++/11/iostream:61:18:[m[K [01;36m[Knote: [m[Kâ€˜[01m[Kstd::cout[m[Kâ€™ declared here
   61 |   extern ostream [01;36m[Kcout[m[K;          /// Linked to standard output
      |                  [01;36m[K^~~~[m[K
[01m[K/home/kcw/capstone_ws/2024CapstoneDesign/ros2/src/manipulator/src/motor.cpp:75:5:[m[K [01;31m[Kerror: [m[Kexpected unqualified-id before â€˜[01m[Kif[m[Kâ€™
   75 |     [01;31m[Kif[m[K(openSerialPort(&fd,"/dev/u2d2")==-1) return -1;
      |     [01;31m[K^~[m[K
[01m[K/home/kcw/capstone_ws/2024CapstoneDesign/ros2/src/manipulator/src/motor.cpp:76:5:[m[K [01;31m[Kerror: [m[Kexpected unqualified-id before â€˜[01m[Kelse[m[Kâ€™
   76 |     [01;31m[Kelse[m[K std::cout << "ì™„ë£Œ!\n\n";
      |     [01;31m[K^~~~[m[K
[01m[K/home/kcw/capstone_ws/2024CapstoneDesign/ros2/src/manipulator/src/motor.cpp:77:11:[m[K [01;31m[Kerror: [m[Kexpected constructor, destructor, or type conversion before â€˜[01m[K([m[Kâ€™ token
   77 |     usleep[01;31m[K([m[K1000000);
      |           [01;31m[K^[m[K
[01m[K/home/kcw/capstone_ws/2024CapstoneDesign/ros2/src/manipulator/src/motor.cpp:79:10:[m[K [01;31m[Kerror: [m[Kâ€˜[01m[Kcout[m[Kâ€™ in namespace â€˜[01m[Kstd[m[Kâ€™ does not name a type
   79 |     std::[01;31m[Kcout[m[K << "\x1b[38;5;46m[SYSTEM]\x1b[0m: ";
      |          [01;31m[K^~~~[m[K
In file included from [01m[K/home/kcw/capstone_ws/2024CapstoneDesign/ros2/src/manipulator/src/motor.cpp:24[m[K:
[01m[K/usr/include/c++/11/iostream:61:18:[m[K [01;36m[Knote: [m[Kâ€˜[01m[Kstd::cout[m[Kâ€™ declared here
   61 |   extern ostream [01;36m[Kcout[m[K;          /// Linked to standard output
      |                  [01;36m[K^~~~[m[K
[01m[K/home/kcw/capstone_ws/2024CapstoneDesign/ros2/src/manipulator/src/motor.cpp:80:10:[m[K [01;31m[Kerror: [m[Kâ€˜[01m[Kcout[m[Kâ€™ in namespace â€˜[01m[Kstd[m[Kâ€™ does not name a type
   80 |     std::[01;31m[Kcout[m[K << "Serial í†µì‹ ì„ ìœ„í•œ ì¸ìžë“¤ì„ ì´ˆê¸°í™”ì¤‘ìž…ë‹ˆë‹¤...";
      |          [01;31m[K^~~~[m[K
In file included from [01m[K/home/kcw/capstone_ws/2024CapstoneDesign/ros2/src/manipulator/src/motor.cpp:24[m[K:
[01m[K/usr/include/c++/11/iostream:61:18:[m[K [01;36m[Knote: [m[Kâ€˜[01m[Kstd::cout[m[Kâ€™ declared here
   61 |   extern ostream [01;36m[Kcout[m[K;          /// Linked to standard output
      |                  [01;36m[K^~~~[m[K
[01m[K/home/kcw/capstone_ws/2024CapstoneDesign/ros2/src/manipulator/src/motor.cpp:81:18:[m[K [01;31m[Kerror: [m[Kexpected constructor, destructor, or type conversion before â€˜[01m[K([m[Kâ€™ token
   81 |     serialSetting[01;31m[K([m[K&fd, newtio, poll_events);
      |                  [01;31m[K^[m[K
[01m[K/home/kcw/capstone_ws/2024CapstoneDesign/ros2/src/manipulator/src/motor.cpp:82:10:[m[K [01;31m[Kerror: [m[Kâ€˜[01m[Kcout[m[Kâ€™ in namespace â€˜[01m[Kstd[m[Kâ€™ does not name a type
   82 |     std::[01;31m[Kcout[m[K << "ì™„ë£Œ!\n\n";
      |          [01;31m[K^~~~[m[K
In file included from [01m[K/home/kcw/capstone_ws/2024CapstoneDesign/ros2/src/manipulator/src/motor.cpp:24[m[K:
[01m[K/usr/include/c++/11/iostream:61:18:[m[K [01;36m[Knote: [m[Kâ€˜[01m[Kstd::cout[m[Kâ€™ declared here
   61 |   extern ostream [01;36m[Kcout[m[K;          /// Linked to standard output
      |                  [01;36m[K^~~~[m[K
[01m[K/home/kcw/capstone_ws/2024CapstoneDesign/ros2/src/manipulator/src/motor.cpp:83:11:[m[K [01;31m[Kerror: [m[Kexpected constructor, destructor, or type conversion before â€˜[01m[K([m[Kâ€™ token
   83 |     usleep[01;31m[K([m[K1000000);
      |           [01;31m[K^[m[K
[01m[K/home/kcw/capstone_ws/2024CapstoneDesign/ros2/src/manipulator/src/motor.cpp:85:10:[m[K [01;31m[Kerror: [m[Kâ€˜[01m[Kcout[m[Kâ€™ in namespace â€˜[01m[Kstd[m[Kâ€™ does not name a type
   85 |     std::[01;31m[Kcout[m[K << "\x1b[38;5;46m[SYSTEM]\x1b[0m: ";
      |          [01;31m[K^~~~[m[K
In file included from [01m[K/home/kcw/capstone_ws/2024CapstoneDesign/ros2/src/manipulator/src/motor.cpp:24[m[K:
[01m[K/usr/include/c++/11/iostream:61:18:[m[K [01;36m[Knote: [m[Kâ€˜[01m[Kstd::cout[m[Kâ€™ declared here
   61 |   extern ostream [01;36m[Kcout[m[K;          /// Linked to standard output
      |                  [01;36m[K^~~~[m[K
[01m[K/home/kcw/capstone_ws/2024CapstoneDesign/ros2/src/manipulator/src/motor.cpp:86:10:[m[K [01;31m[Kerror: [m[Kâ€˜[01m[Kcout[m[Kâ€™ in namespace â€˜[01m[Kstd[m[Kâ€™ does not name a type
   86 |     std::[01;31m[Kcout[m[K << "ìž ì‹œë§Œ ê¸°ë‹¤ë ¤ì£¼ì„¸ìš”..\n\n";
      |          [01;31m[K^~~~[m[K
In file included from [01m[K/home/kcw/capstone_ws/2024CapstoneDesign/ros2/src/manipulator/src/motor.cpp:24[m[K:
[01m[K/usr/include/c++/11/iostream:61:18:[m[K [01;36m[Knote: [m[Kâ€˜[01m[Kstd::cout[m[Kâ€™ declared here
   61 |   extern ostream [01;36m[Kcout[m[K;          /// Linked to standard output
      |                  [01;36m[K^~~~[m[K
[01m[K/home/kcw/capstone_ws/2024CapstoneDesign/ros2/src/manipulator/src/motor.cpp:87:10:[m[K [01;31m[Kerror: [m[Kexpected constructor, destructor, or type conversion before â€˜[01m[K([m[Kâ€™ token
   87 |     sleep[01;31m[K([m[K3);
      |          [01;31m[K^[m[K
[01m[K/home/kcw/capstone_ws/2024CapstoneDesign/ros2/src/manipulator/src/motor.cpp:89:10:[m[K [01;31m[Kerror: [m[Kâ€˜[01m[Kcout[m[Kâ€™ in namespace â€˜[01m[Kstd[m[Kâ€™ does not name a type
   89 |     std::[01;31m[Kcout[m[K << "\x1b[38;5;46m[SYSTEM]\x1b[0m: ";
      |          [01;31m[K^~~~[m[K
In file included from [01m[K/home/kcw/capstone_ws/2024CapstoneDesign/ros2/src/manipulator/src/motor.cpp:24[m[K:
[01m[K/usr/include/c++/11/iostream:61:18:[m[K [01;36m[Knote: [m[Kâ€˜[01m[Kstd::cout[m[Kâ€™ declared here
   61 |   extern ostream [01;36m[Kcout[m[K;          /// Linked to standard output
      |                  [01;36m[K^~~~[m[K
[01m[K/home/kcw/capstone_ws/2024CapstoneDesign/ros2/src/manipulator/src/motor.cpp:90:10:[m[K [01;31m[Kerror: [m[Kâ€˜[01m[Kcout[m[Kâ€™ in namespace â€˜[01m[Kstd[m[Kâ€™ does not name a type
   90 |     std::[01;31m[Kcout[m[K << "ìœ„ì¹˜ì œì–´ì¤‘ìž…ë‹ˆë‹¤.\n";
      |          [01;31m[K^~~~[m[K
In file included from [01m[K/home/kcw/capstone_ws/2024CapstoneDesign/ros2/src/manipulator/src/motor.cpp:24[m[K:
[01m[K/usr/include/c++/11/iostream:61:18:[m[K [01;36m[Knote: [m[Kâ€˜[01m[Kstd::cout[m[Kâ€™ declared here
   61 |   extern ostream [01;36m[Kcout[m[K;          /// Linked to standard output
      |                  [01;36m[K^~~~[m[K
[01m[K/home/kcw/capstone_ws/2024CapstoneDesign/ros2/src/manipulator/src/motor.cpp:91:5:[m[K [01;31m[Kerror: [m[Kexpected unqualified-id before â€˜[01m[Kfor[m[Kâ€™
   91 |     [01;31m[Kfor[m[K(unsigned char i{1};i<=7;i++)
      |     [01;31m[K^~~[m[K
[01m[K/home/kcw/capstone_ws/2024CapstoneDesign/ros2/src/manipulator/src/motor.cpp:91:28:[m[K [01;31m[Kerror: [m[Kâ€˜[01m[Ki[m[Kâ€™ does not name a type
   91 |     for(unsigned char i{1};[01;31m[Ki[m[K<=7;i++)
      |                            [01;31m[K^[m[K
[01m[K/home/kcw/capstone_ws/2024CapstoneDesign/ros2/src/manipulator/src/motor.cpp:91:33:[m[K [01;31m[Kerror: [m[Kâ€˜[01m[Ki[m[Kâ€™ does not name a type
   91 |     for(unsigned char i{1};i<=7;[01;31m[Ki[m[K++)
      |                                 [01;31m[K^[m[K
[01m[K/home/kcw/capstone_ws/2024CapstoneDesign/ros2/src/manipulator/src/motor.cpp:98:17:[m[K [01;31m[Kerror: [m[Kexpected constructor, destructor, or type conversion before â€˜[01m[K([m[Kâ€™ token
   98 |     rclcpp::spin[01;31m[K([m[Knode1);
      |                 [01;31m[K^[m[K
[01m[K/home/kcw/capstone_ws/2024CapstoneDesign/ros2/src/manipulator/src/motor.cpp:100:23:[m[K [01;31m[Kerror: [m[Kexpected constructor, destructor, or type conversion before â€˜[01m[K;[m[Kâ€™ token
  100 |     rclcpp::shutdown()[01;31m[K;[m[K
      |                       [01;31m[K^[m[K
[01m[K/home/kcw/capstone_ws/2024CapstoneDesign/ros2/src/manipulator/src/motor.cpp:101:5:[m[K [01;31m[Kerror: [m[Kexpected unqualified-id before â€˜[01m[Kreturn[m[Kâ€™
  101 |     [01;31m[Kreturn[m[K 0;
      |     [01;31m[K^~~~~~[m[K
[01m[K/home/kcw/capstone_ws/2024CapstoneDesign/ros2/src/manipulator/src/motor.cpp:102:1:[m[K [01;31m[Kerror: [m[Kexpected declaration before â€˜[01m[K}[m[Kâ€™ token
  102 | [01;31m[K}[m[K
      | [01;31m[K^[m[K
gmake[2]: *** [CMakeFiles/manipulator_run.dir/build.make:76: CMakeFiles/manipulator_run.dir/src/motor.cpp.o] Error 1
gmake[1]: *** [CMakeFiles/Makefile2:193: CMakeFiles/manipulator_run.dir/all] Error 2
gmake: *** [Makefile:146: all] Error 2
