[0.027s] Invoking command in '/home/kcw/capstone_ws/ros2/src/manipulator/build/manipulator': CMAKE_PREFIX_PATH=${CMAKE_PREFIX_PATH}:/opt/ros/humble /home/kcw/.local/bin/cmake --build /home/kcw/capstone_ws/ros2/src/manipulator/build/manipulator -- -j8 -l8
[0.087s] [ 50%] Built target manipulator_read
[0.098s] [ 62%] [32mBuilding CXX object CMakeFiles/manipulator_write.dir/src/pathW.cpp.o[0m
[2.738s] [01m[K/home/kcw/capstone_ws/ros2/src/manipulator/src/pathW.cpp:[m[K In constructor â€˜[01m[KManipulator::Manipulator()[m[Kâ€™:
[2.738s] [01m[K/home/kcw/capstone_ws/ros2/src/manipulator/src/pathW.cpp:60:62:[m[K [01;31m[Kerror: [m[Kâ€˜[01m[Kmotor[m[Kâ€™ is not a member of â€˜[01m[Kmotor_interface::msg[m[Kâ€™; did you mean â€˜[01m[KMotor[m[Kâ€™?
[2.739s]    60 |         motor = this->create_publisher<motor_interface::msg::[01;31m[Kmotor[m[K>("motor", 10);
[2.739s]       |                                                              [01;31m[K^~~~~[m[K
[2.739s]       |                                                              [32m[KMotor[m[K
[2.739s] [01m[K/home/kcw/capstone_ws/ros2/src/manipulator/src/pathW.cpp:60:68:[m[K [01;31m[Kerror: [m[Kno matching function for call to â€˜[01m[KManipulator::create_publisher<<expression error> >(const char [6], int)[m[Kâ€™
[2.739s]    60 |         motor = [01;31m[Kthis->create_publisher<motor_interface::msg::motor>("motor", 10)[m[K;
[2.739s]       |                 [01;31m[K~~~~~~~~~~~~~~~~~~~~~~~~~~~~~~~~~~~~~~~~~~~~~~~~~~~^~~~~~~~~~~~~[m[K
[2.739s] In file included from [01m[K/opt/ros/humble/include/rclcpp/rclcpp/executors/single_threaded_executor.hpp:28[m[K,
[2.739s]                  from [01m[K/opt/ros/humble/include/rclcpp/rclcpp/executors.hpp:22[m[K,
[2.739s]                  from [01m[K/opt/ros/humble/include/rclcpp/rclcpp/rclcpp.hpp:155[m[K,
[2.739s]                  from [01m[K/home/kcw/capstone_ws/ros2/src/manipulator/src/pathW.cpp:30[m[K:
[2.739s] [01m[K/opt/ros/humble/include/rclcpp/rclcpp/node.hpp:195:3:[m[K [01;36m[Knote: [m[Kcandidate: â€˜[01m[Ktemplate<class MessageT, class AllocatorT, class PublisherT> std::shared_ptr<PublisherT> rclcpp::Node::create_publisher(const string&, const rclcpp::QoS&, const rclcpp::PublisherOptionsWithAllocator<AllocatorT>&)[m[Kâ€™
[2.739s]   195 |   [01;36m[Kcreate_publisher[m[K(
[2.740s]       |   [01;36m[K^~~~~~~~~~~~~~~~[m[K
[2.740s] [01m[K/opt/ros/humble/include/rclcpp/rclcpp/node.hpp:195:3:[m[K [01;36m[Knote: [m[K  template argument deduction/substitution failed:
[2.740s] [01m[K/home/kcw/capstone_ws/ros2/src/manipulator/src/pathW.cpp:60:68:[m[K [01;31m[Kerror: [m[Ktemplate argument 1 is invalid
[2.740s]    60 |         motor = [01;31m[Kthis->create_publisher<motor_interface::msg::motor>("motor", 10)[m[K;
[2.740s]       |                 [01;31m[K~~~~~~~~~~~~~~~~~~~~~~~~~~~~~~~~~~~~~~~~~~~~~~~~~~~^~~~~~~~~~~~~[m[K
[2.749s] [01m[K/home/kcw/capstone_ws/ros2/src/manipulator/src/pathW.cpp:[m[K In member function â€˜[01m[Kvoid Manipulator::timer_callback()[m[Kâ€™:
[2.749s] [01m[K/home/kcw/capstone_ws/ros2/src/manipulator/src/pathW.cpp:87:18:[m[K [01;31m[Kerror: [m[Krequest for member â€˜[01m[Kpublish[m[Kâ€™ in â€˜[01m[K*(int*)(& motor)[m[Kâ€™, which is of non-class type â€˜[01m[Kint[m[Kâ€™
[2.749s]    87 |         motor -> [01;31m[Kpublish[m[K(Motor);                    // Issue Current data As topic
[2.749s]       |                  [01;31m[K^~~~~~~[m[K
[2.751s] [01m[K/home/kcw/capstone_ws/ros2/src/manipulator/src/pathW.cpp:[m[K In function â€˜[01m[Kint main(int, char**)[m[Kâ€™:
[2.751s] [01m[K/home/kcw/capstone_ws/ros2/src/manipulator/src/pathW.cpp:112:27:[m[K [01;35m[Kwarning: [m[KISO C++ forbids converting a string constant to â€˜[01m[Kchar*[m[Kâ€™ [[01;35m[K]8;;https://gcc.gnu.org/onlinedocs/gcc/Warning-Options.html#index-Wwrite-strings-Wwrite-strings]8;;[m[K]
[2.751s]   112 |     if(openSerialPort(&fd,[01;35m[K"/dev/arduinoMega"[m[K)==-1) rclcpp::shutdown();
[2.751s]       |                           [01;35m[K^~~~~~~~~~~~~~~~~~[m[K
[3.247s] gmake[2]: *** [CMakeFiles/manipulator_write.dir/build.make:76: CMakeFiles/manipulator_write.dir/src/pathW.cpp.o] Error 1
[3.247s] gmake[1]: *** [CMakeFiles/Makefile2:139: CMakeFiles/manipulator_write.dir/all] Error 2
[3.248s] gmake: *** [Makefile:146: all] Error 2
[3.254s] Invoked command in '/home/kcw/capstone_ws/ros2/src/manipulator/build/manipulator' returned '2': CMAKE_PREFIX_PATH=${CMAKE_PREFIX_PATH}:/opt/ros/humble /home/kcw/.local/bin/cmake --build /home/kcw/capstone_ws/ros2/src/manipulator/build/manipulator -- -j8 -l8
