[0.017s] Invoking command in '/home/kcw/capstone_ws/ros2/src/manipulator/build/manipulator': CMAKE_PREFIX_PATH=${CMAKE_PREFIX_PATH}:/opt/ros/humble /home/kcw/.local/bin/cmake --build /home/kcw/capstone_ws/ros2/src/manipulator/build/manipulator -- -j8 -l8
[0.128s] [ 25%] [32mBuilding CXX object CMakeFiles/manipulator_write.dir/src/pathW.cpp.o[0m
[0.128s] [ 25%] [32mBuilding CXX object CMakeFiles/manipulator_read.dir/src/pathR.cpp.o[0m
[2.367s] [01m[K/home/kcw/capstone_ws/ros2/src/manipulator/src/pathW.cpp:130:5:[m[K [01;31m[Kerror: [m[Knon-static data member declared with placeholder â€˜[01m[Kauto[m[Kâ€™
[2.367s]   130 |     [01;31m[Kauto[m[K Motor1 = std_msgs::msg::Int64();
[2.368s]       |     [01;31m[K^~~~[m[K
[2.368s] [01m[K/home/kcw/capstone_ws/ros2/src/manipulator/src/pathW.cpp:131:5:[m[K [01;31m[Kerror: [m[Knon-static data member declared with placeholder â€˜[01m[Kauto[m[Kâ€™
[2.368s]   131 |     [01;31m[Kauto[m[K Motor2 = std_msgs::msg::Int64();
[2.368s]       |     [01;31m[K^~~~[m[K
[2.368s] [01m[K/home/kcw/capstone_ws/ros2/src/manipulator/src/pathW.cpp:132:5:[m[K [01;31m[Kerror: [m[Knon-static data member declared with placeholder â€˜[01m[Kauto[m[Kâ€™
[2.368s]   132 |     [01;31m[Kauto[m[K Motor3 = std_msgs::msg::Int64();
[2.368s]       |     [01;31m[K^~~~[m[K
[2.368s] [01m[K/home/kcw/capstone_ws/ros2/src/manipulator/src/pathW.cpp:133:5:[m[K [01;31m[Kerror: [m[Knon-static data member declared with placeholder â€˜[01m[Kauto[m[Kâ€™
[2.368s]   133 |     [01;31m[Kauto[m[K Motor4 = std_msgs::msg::Int64();    // Define msg data type : Int64 = int
[2.368s]       |     [01;31m[K^~~~[m[K
[2.387s] [01m[K/home/kcw/capstone_ws/ros2/src/manipulator/src/pathW.cpp:[m[K In member function â€˜[01m[Kvoid Manipulator::timer_callback()[m[Kâ€™:
[2.387s] [01m[K/home/kcw/capstone_ws/ros2/src/manipulator/src/pathW.cpp:72:31:[m[K [01;35m[Kwarning: [m[KISO C++ forbids converting a string constant to â€˜[01m[Kchar*[m[Kâ€™ [[01;35m[K]8;;https://gcc.gnu.org/onlinedocs/gcc/Warning-Options.html#index-Wwrite-strings-Wwrite-strings]8;;[m[K]
[2.387s]    72 |         if(openSerialPort(&fd,[01;35m[K"/dev/arduinoMega"[m[K)==-1) rclcpp::shutdown();
[2.387s]       |                               [01;35m[K^~~~~~~~~~~~~~~~~~[m[K
[2.387s] [01m[K/home/kcw/capstone_ws/ros2/src/manipulator/src/pathR.cpp:[m[K In member function â€˜[01m[Kvoid Manipulator::timer_callback()[m[Kâ€™:
[2.387s] [01m[K/home/kcw/capstone_ws/ros2/src/manipulator/src/pathR.cpp:51:14:[m[K [01;35m[Kwarning: [m[Kvariable â€˜[01m[KMotor1[m[Kâ€™ set but not used [[01;35m[K]8;;https://gcc.gnu.org/onlinedocs/gcc/Warning-Options.html#index-Wunused-but-set-variable-Wunused-but-set-variable]8;;[m[K]
[2.388s]    51 |         auto [01;35m[KMotor1[m[K = std_msgs::msg::Int64();
[2.388s]       |              [01;35m[K^~~~~~[m[K
[2.388s] [01m[K/home/kcw/capstone_ws/ros2/src/manipulator/src/pathR.cpp:52:14:[m[K [01;35m[Kwarning: [m[Kvariable â€˜[01m[KMotor2[m[Kâ€™ set but not used [[01;35m[K]8;;https://gcc.gnu.org/onlinedocs/gcc/Warning-Options.html#index-Wunused-but-set-variable-Wunused-but-set-variable]8;;[m[K]
[2.388s]    52 |         auto [01;35m[KMotor2[m[K = std_msgs::msg::Int64();
[2.388s]       |              [01;35m[K^~~~~~[m[K
[2.388s] [01m[K/home/kcw/capstone_ws/ros2/src/manipulator/src/pathR.cpp:53:14:[m[K [01;35m[Kwarning: [m[Kvariable â€˜[01m[KMotor3[m[Kâ€™ set but not used [[01;35m[K]8;;https://gcc.gnu.org/onlinedocs/gcc/Warning-Options.html#index-Wunused-but-set-variable-Wunused-but-set-variable]8;;[m[K]
[2.388s]    53 |         auto [01;35m[KMotor3[m[K = std_msgs::msg::Int64();
[2.388s]       |              [01;35m[K^~~~~~[m[K
[2.388s] [01m[K/home/kcw/capstone_ws/ros2/src/manipulator/src/pathR.cpp:54:14:[m[K [01;35m[Kwarning: [m[Kvariable â€˜[01m[KMotor4[m[Kâ€™ set but not used [[01;35m[K]8;;https://gcc.gnu.org/onlinedocs/gcc/Warning-Options.html#index-Wunused-but-set-variable-Wunused-but-set-variable]8;;[m[K]
[2.388s]    54 |         auto [01;35m[KMotor4[m[K = std_msgs::msg::Int64();    // Define msg data type : Int64 = int
[2.388s]       |              [01;35m[K^~~~~~[m[K
[2.388s] [01m[K/home/kcw/capstone_ws/ros2/src/manipulator/src/pathR.cpp:66:13:[m[K [01;35m[Kwarning: [m[Kunused variable â€˜[01m[Kdata_size[m[Kâ€™ [[01;35m[K]8;;https://gcc.gnu.org/onlinedocs/gcc/Warning-Options.html#index-Wunused-variable-Wunused-variable]8;;[m[K]
[2.388s]    66 |         int [01;35m[Kdata_size[m[K{BUF_SIZE};
[2.388s]       |             [01;35m[K^~~~~~~~~[m[K
[2.388s] [01m[K/home/kcw/capstone_ws/ros2/src/manipulator/src/pathR.cpp:67:14:[m[K [01;35m[Kwarning: [m[Kunused variable â€˜[01m[Kinputdata[m[Kâ€™ [[01;35m[K]8;;https://gcc.gnu.org/onlinedocs/gcc/Warning-Options.html#index-Wunused-variable-Wunused-variable]8;;[m[K]
[2.388s]    67 |         char [01;35m[Kinputdata[m[K[BUF_SIZE] = {0};
[2.388s]       |              [01;35m[K^~~~~~~~~[m[K
[2.397s] [01m[K/home/kcw/capstone_ws/ros2/src/manipulator/src/pathW.cpp:96:47:[m[K [01;31m[Kerror: [m[Kâ€˜[01m[Kpoll_state[m[Kâ€™ was not declared in this scope
[2.397s]    96 |             readSerialData(&fd, poll_events, &[01;31m[Kpoll_state[m[K, buf, rec_path);
[2.397s]       |                                               [01;31m[K^~~~~~~~~~[m[K
[2.399s] [01m[K/home/kcw/capstone_ws/ros2/src/manipulator/src/pathW.cpp:57:13:[m[K [01;35m[Kwarning: [m[Kunused variable â€˜[01m[Kdata_size[m[Kâ€™ [[01;35m[K]8;;https://gcc.gnu.org/onlinedocs/gcc/Warning-Options.html#index-Wunused-variable-Wunused-variable]8;;[m[K]
[2.399s]    57 |         int [01;35m[Kdata_size[m[K{BUF_SIZE};
[2.399s]       |             [01;35m[K^~~~~~~~~[m[K
[2.399s] [01m[K/home/kcw/capstone_ws/ros2/src/manipulator/src/pathW.cpp:58:14:[m[K [01;35m[Kwarning: [m[Kunused variable â€˜[01m[Kinputdata[m[Kâ€™ [[01;35m[K]8;;https://gcc.gnu.org/onlinedocs/gcc/Warning-Options.html#index-Wunused-variable-Wunused-variable]8;;[m[K]
[2.399s]    58 |         char [01;35m[Kinputdata[m[K[BUF_SIZE] = {0};
[2.399s]       |              [01;35m[K^~~~~~~~~[m[K
[3.096s] gmake[2]: *** [CMakeFiles/manipulator_write.dir/build.make:76: CMakeFiles/manipulator_write.dir/src/pathW.cpp.o] Error 1
[3.097s] gmake[1]: *** [CMakeFiles/Makefile2:139: CMakeFiles/manipulator_write.dir/all] Error 2
[3.097s] gmake[1]: *** Waiting for unfinished jobs....
[3.852s] [ 37%] [32m[1mLinking CXX executable manipulator_read[0m
[4.007s] [ 62%] Built target manipulator_read
[4.007s] gmake: *** [Makefile:146: all] Error 2
[4.012s] Invoked command in '/home/kcw/capstone_ws/ros2/src/manipulator/build/manipulator' returned '2': CMAKE_PREFIX_PATH=${CMAKE_PREFIX_PATH}:/opt/ros/humble /home/kcw/.local/bin/cmake --build /home/kcw/capstone_ws/ros2/src/manipulator/build/manipulator -- -j8 -l8
