[0.019s] Invoking command in '/home/kcw/capstone_ws/ros2/src/manipulator/build/manipulator': CMAKE_PREFIX_PATH=${CMAKE_PREFIX_PATH}:/opt/ros/humble /home/kcw/.local/bin/cmake --build /home/kcw/capstone_ws/ros2/src/manipulator/build/manipulator -- -j8 -l8
[0.076s] [ 50%] Built target manipulator_read
[0.083s] [ 62%] [32mBuilding CXX object CMakeFiles/manipulator_write.dir/src/pathW.cpp.o[0m
[2.225s] [01m[K/home/kcw/capstone_ws/ros2/src/manipulator/src/pathW.cpp:[m[K In member function â€˜[01m[Kvoid Manipulator::timer_callback()[m[Kâ€™:
[2.225s] [01m[K/home/kcw/capstone_ws/ros2/src/manipulator/src/pathW.cpp:77:31:[m[K [01;35m[Kwarning: [m[KISO C++ forbids converting a string constant to â€˜[01m[Kchar*[m[Kâ€™ [[01;35m[K]8;;https://gcc.gnu.org/onlinedocs/gcc/Warning-Options.html#index-Wwrite-strings-Wwrite-strings]8;;[m[K]
[2.225s]    77 |         if(openSerialPort(&fd,[01;35m[K"/dev/arduinoMega"[m[K)==-1) rclcpp::shutdown();
[2.225s]       |                               [01;35m[K^~~~~~~~~~~~~~~~~~[m[K
[2.228s] [01m[K/home/kcw/capstone_ws/ros2/src/manipulator/src/pathW.cpp:61:13:[m[K [01;35m[Kwarning: [m[Kunused variable â€˜[01m[Kdata_size[m[Kâ€™ [[01;35m[K]8;;https://gcc.gnu.org/onlinedocs/gcc/Warning-Options.html#index-Wunused-variable-Wunused-variable]8;;[m[K]
[2.228s]    61 |         int [01;35m[Kdata_size[m[K{BUF_SIZE};
[2.228s]       |             [01;35m[K^~~~~~~~~[m[K
[2.228s] [01m[K/home/kcw/capstone_ws/ros2/src/manipulator/src/pathW.cpp:62:14:[m[K [01;35m[Kwarning: [m[Kunused variable â€˜[01m[Kinputdata[m[Kâ€™ [[01;35m[K]8;;https://gcc.gnu.org/onlinedocs/gcc/Warning-Options.html#index-Wunused-variable-Wunused-variable]8;;[m[K]
[2.229s]    62 |         char [01;35m[Kinputdata[m[K[BUF_SIZE] = {0};
[2.229s]       |              [01;35m[K^~~~~~~~~[m[K
[2.231s] [01m[K/home/kcw/capstone_ws/ros2/src/manipulator/src/pathW.cpp:[m[K In function â€˜[01m[Kint main(int, char**)[m[Kâ€™:
[2.232s] [01m[K/home/kcw/capstone_ws/ros2/src/manipulator/src/pathW.cpp:149:13:[m[K [01;31m[Kerror: [m[Kâ€˜[01m[Kspin_once[m[Kâ€™ is not a member of â€˜[01m[Krclcpp[m[Kâ€™; did you mean â€˜[01m[Kspin_some[m[Kâ€™?
[2.232s]   149 |     rclcpp::[01;31m[Kspin_once[m[K(node1,1);
[2.232s]       |             [01;31m[K^~~~~~~~~[m[K
[2.232s]       |             [32m[Kspin_some[m[K
[3.004s] gmake[2]: *** [CMakeFiles/manipulator_write.dir/build.make:76: CMakeFiles/manipulator_write.dir/src/pathW.cpp.o] Error 1
[3.005s] gmake[1]: *** [CMakeFiles/Makefile2:139: CMakeFiles/manipulator_write.dir/all] Error 2
[3.005s] gmake: *** [Makefile:146: all] Error 2
[3.012s] Invoked command in '/home/kcw/capstone_ws/ros2/src/manipulator/build/manipulator' returned '2': CMAKE_PREFIX_PATH=${CMAKE_PREFIX_PATH}:/opt/ros/humble /home/kcw/.local/bin/cmake --build /home/kcw/capstone_ws/ros2/src/manipulator/build/manipulator -- -j8 -l8
