[ 30%] Built target manipulator_write
[ 61%] Built target manipulator_read
[ 69%] [32mBuilding CXX object CMakeFiles/manipulator_run.dir/src/motor.cpp.o[0m
[01m[K/home/kcw/capstone_ws/2024CapstoneDesign/ros2/src/manipulator/src/motor.cpp:[m[K In function â€˜[01m[Kint main(int, char**)[m[Kâ€™:
[01m[K/home/kcw/capstone_ws/2024CapstoneDesign/ros2/src/manipulator/src/motor.cpp:89:27:[m[K [01;35m[Kwarning: [m[KISO C++ forbids converting a string constant to â€˜[01m[Kchar*[m[Kâ€™ [[01;35m[K]8;;https://gcc.gnu.org/onlinedocs/gcc/Warning-Options.html#index-Wwrite-strings-Wwrite-strings]8;;[m[K]
   89 |     if(openSerialPort(&fd,[01;35m[K"/dev/u2d2"[m[K)==-1) return -1;
      |                           [01;35m[K^~~~~~~~~~~[m[K
[01m[K/home/kcw/capstone_ws/2024CapstoneDesign/ros2/src/manipulator/src/motor.cpp:118:9:[m[K [01;31m[Kerror: [m[Kâ€˜[01m[Ksystem_clock[m[Kâ€™ has not been declared
  118 |         [01;31m[Ksystem_clock[m[K::time_point start_time = system_clock::now(); // ì½”ë“œ ì‹œìž‘ ì‹œê°„
      |         [01;31m[K^~~~~~~~~~~~[m[K
[01m[K/home/kcw/capstone_ws/2024CapstoneDesign/ros2/src/manipulator/src/motor.cpp:121:9:[m[K [01;31m[Kerror: [m[Kâ€˜[01m[Ksystem_clock[m[Kâ€™ has not been declared
  121 |         [01;31m[Ksystem_clock[m[K::time_point end_time = system_clock::now();
      |         [01;31m[K^~~~~~~~~~~~[m[K
[01m[K/home/kcw/capstone_ws/2024CapstoneDesign/ros2/src/manipulator/src/motor.cpp:122:14:[m[K [01;31m[Kerror: [m[Kâ€˜[01m[Knanoseconds[m[Kâ€™ is not a member of â€˜[01m[Kstd[m[Kâ€™
  122 |         std::[01;31m[Knanoseconds[m[K nano = end_time - start_time;
      |              [01;31m[K^~~~~~~~~~~[m[K
[01m[K/home/kcw/capstone_ws/2024CapstoneDesign/ros2/src/manipulator/src/motor.cpp:122:14:[m[K [01;36m[Knote: [m[Ksuggested alternatives:
In file included from [01m[K/home/kcw/capstone_ws/2024CapstoneDesign/ros2/src/manipulator/src/motor.cpp:28[m[K:
[01m[K/usr/include/c++/11/chrono:838:11:[m[K [01;36m[Knote: [m[K  â€˜[01m[Kstd::chrono::nanoseconds[m[Kâ€™
  838 |     using [01;36m[Knanoseconds[m[K   = duration<_GLIBCXX_CHRONO_INT64_T, nano>;
      |           [01;36m[K^~~~~~~~~~~[m[K
[01m[K/usr/include/c++/11/chrono:838:11:[m[K [01;36m[Knote: [m[K  â€˜[01m[Kstd::chrono::nanoseconds[m[Kâ€™
[01m[K/home/kcw/capstone_ws/2024CapstoneDesign/ros2/src/manipulator/src/motor.cpp:123:15:[m[K [01;31m[Kerror: [m[Kâ€˜[01m[Knano[m[Kâ€™ was not declared in this scope; did you mean â€˜[01m[Kstd::nano[m[Kâ€™?
  123 |         while([01;31m[Knano[m[K<50000000);
      |               [01;31m[K^~~~[m[K
      |               [32m[Kstd::nano[m[K
In file included from [01m[K/usr/include/c++/11/chrono:39[m[K,
                 from [01m[K/home/kcw/capstone_ws/2024CapstoneDesign/ros2/src/manipulator/src/motor.cpp:28[m[K:
[01m[K/usr/include/c++/11/ratio:556:47:[m[K [01;36m[Knote: [m[Kâ€˜[01m[Kstd::nano[m[Kâ€™ declared here
  556 |   typedef ratio<1,                1000000000> [01;36m[Knano[m[K;
      |                                               [01;36m[K^~~~[m[K
gmake[2]: *** [CMakeFiles/manipulator_run.dir/build.make:76: CMakeFiles/manipulator_run.dir/src/motor.cpp.o] Error 1
gmake[1]: *** [CMakeFiles/Makefile2:193: CMakeFiles/manipulator_run.dir/all] Error 2
gmake: *** [Makefile:146: all] Error 2
