[0.012s] Invoking command in '/home/kcw/capstone_ws/2024CapstoneDesign/ros2/src/manipulator/build/manipulator': CMAKE_PREFIX_PATH=${CMAKE_PREFIX_PATH}:/home/kcw/capstone_ws/ros2/src/manipulator/install/manipulator:/opt/ros/humble /home/kcw/.local/bin/cmake --build /home/kcw/capstone_ws/2024CapstoneDesign/ros2/src/manipulator/build/manipulator -- -j8 -l8
[0.064s] [ 30%] Built target manipulator_write
[0.064s] [ 61%] Built target manipulator_read
[0.075s] [ 69%] [32mBuilding CXX object CMakeFiles/manipulator_run.dir/src/motor.cpp.o[0m
[2.496s] [01m[K/home/kcw/capstone_ws/2024CapstoneDesign/ros2/src/manipulator/src/motor.cpp:[m[K In function â€˜[01m[Kint main(int, char**)[m[Kâ€™:
[2.496s] [01m[K/home/kcw/capstone_ws/2024CapstoneDesign/ros2/src/manipulator/src/motor.cpp:89:27:[m[K [01;35m[Kwarning: [m[KISO C++ forbids converting a string constant to â€˜[01m[Kchar*[m[Kâ€™ [[01;35m[K]8;;https://gcc.gnu.org/onlinedocs/gcc/Warning-Options.html#index-Wwrite-strings-Wwrite-strings]8;;[m[K]
[2.496s]    89 |     if(openSerialPort(&fd,[01;35m[K"/dev/u2d2"[m[K)==-1) return -1;
[2.496s]       |                           [01;35m[K^~~~~~~~~~~[m[K
[2.496s] [01m[K/home/kcw/capstone_ws/2024CapstoneDesign/ros2/src/manipulator/src/motor.cpp:118:9:[m[K [01;31m[Kerror: [m[Kâ€˜[01m[Kchrono[m[Kâ€™ has not been declared
[2.496s]   118 |         [01;31m[Kchrono[m[K::system_clock::time_point start_time = chrono::system_clock::now(); // ì½”ë“œ ì‹œìž‘ ì‹œê°„
[2.496s]       |         [01;31m[K^~~~~~[m[K
[2.497s] [01m[K/home/kcw/capstone_ws/2024CapstoneDesign/ros2/src/manipulator/src/motor.cpp:121:9:[m[K [01;31m[Kerror: [m[Kâ€˜[01m[Kchrono[m[Kâ€™ has not been declared
[2.497s]   121 |         [01;31m[Kchrono[m[K::system_clock::time_point end_time = chrono::system_clock::now();
[2.497s]       |         [01;31m[K^~~~~~[m[K
[2.497s] [01m[K/home/kcw/capstone_ws/2024CapstoneDesign/ros2/src/manipulator/src/motor.cpp:122:9:[m[K [01;31m[Kerror: [m[Kâ€˜[01m[Kchrono[m[Kâ€™ has not been declared
[2.497s]   122 |         [01;31m[Kstd::n[m[Kanoseconds nano = end_time - start_time;
[2.497s]       |         [01;31m[K^~~~~~[m[K
[2.497s] [01m[K/home/kcw/capstone_ws/2024CapstoneDesign/ros2/src/manipulator/src/motor.cpp:123:15:[m[K [01;31m[Kerror: [m[Kâ€˜[01m[Knano[m[Kâ€™ was not declared in this scope; did you mean â€˜[01m[Kstd::nano[m[Kâ€™?
[2.497s]   123 |         while([01;31m[Knano[m[K<50000000);
[2.497s]       |               [01;31m[K^~~~[m[K
[2.497s]       |               [32m[Kstd::nano[m[K
[2.498s] In file included from [01m[K/usr/include/c++/11/chrono:39[m[K,
[2.498s]                  from [01m[K/home/kcw/capstone_ws/2024CapstoneDesign/ros2/src/manipulator/src/motor.cpp:28[m[K:
[2.498s] [01m[K/usr/include/c++/11/ratio:556:47:[m[K [01;36m[Knote: [m[Kâ€˜[01m[Kstd::nano[m[Kâ€™ declared here
[2.498s]   556 |   typedef ratio<1,                1000000000> [01;36m[Knano[m[K;
[2.498s]       |                                               [01;36m[K^~~~[m[K
[4.588s] gmake[2]: *** [CMakeFiles/manipulator_run.dir/build.make:76: CMakeFiles/manipulator_run.dir/src/motor.cpp.o] Error 1
[4.588s] gmake[1]: *** [CMakeFiles/Makefile2:193: CMakeFiles/manipulator_run.dir/all] Error 2
[4.588s] gmake: *** [Makefile:146: all] Error 2
[4.593s] Invoked command in '/home/kcw/capstone_ws/2024CapstoneDesign/ros2/src/manipulator/build/manipulator' returned '2': CMAKE_PREFIX_PATH=${CMAKE_PREFIX_PATH}:/home/kcw/capstone_ws/ros2/src/manipulator/install/manipulator:/opt/ros/humble /home/kcw/.local/bin/cmake --build /home/kcw/capstone_ws/2024CapstoneDesign/ros2/src/manipulator/build/manipulator -- -j8 -l8
