[0.023s] Invoking command in '/home/kcw/capstone_ws/2024CapstoneDesign/ros2/src/manipulator/build/manipulator': CMAKE_PREFIX_PATH=${CMAKE_PREFIX_PATH}:/home/kcw/capstone_ws/ros2/src/manipulator/install/manipulator:/opt/ros/humble /home/kcw/.local/bin/cmake --build /home/kcw/capstone_ws/2024CapstoneDesign/ros2/src/manipulator/build/manipulator -- -j8 -l8
[0.080s] [ 30%] Built target manipulator_write
[0.083s] [ 61%] Built target manipulator_read
[0.091s] [ 69%] [32mBuilding CXX object CMakeFiles/manipulator_run.dir/src/motor.cpp.o[0m
[0.091s] [ 76%] [32mBuilding CXX object CMakeFiles/manipulator_run.dir/src/dynamixel_protocols.cpp.o[0m
[0.373s] [01m[K/home/kcw/capstone_ws/2024CapstoneDesign/ros2/src/manipulator/src/motor.cpp:73:130:[m[K [01;31m[Kerror: [m[Kstray â€˜[01m[K\[m[Kâ€™ in program
[0.373s]    73 |     rclcpp::init(argc, argv);void motor_p_gain(int fd, unsigned char *data, unsigned char motor_id, unsigned short p_gain)SYSTEM][01;31m[K\[m[Kx1b[0m: ";
[0.373s]       |                                                                                                                                  [01;31m[K^[m[K
[0.373s] [01m[K/home/kcw/capstone_ws/2024CapstoneDesign/ros2/src/manipulator/src/motor.cpp:73:139:[m[K [01;35m[Kwarning: [m[Kmissing terminating " character
[0.373s]    73 |     rclcpp::init(argc, argv);void motor_p_gain(int fd, unsigned char *data, unsigned char motor_id, unsigned short p_gain)SYSTEM]\x1b[0m: [01;35m[K"[m[K;
[0.373s]       |                                                                                                                                           [01;35m[K^[m[K
[0.373s] [01m[K/home/kcw/capstone_ws/2024CapstoneDesign/ros2/src/manipulator/src/motor.cpp:73:139:[m[K [01;31m[Kerror: [m[Kmissing terminating " character
[0.373s]    73 |     rclcpp::init(argc, argv);void motor_p_gain(int fd, unsigned char *data, unsigned char motor_id, unsigned short p_gain)SYSTEM]\x1b[0m: [01;31m[K";[m[K
[0.374s]       |                                                                                                                                           [01;31m[K^~[m[K
[2.623s] [01m[K/home/kcw/capstone_ws/2024CapstoneDesign/ros2/src/manipulator/src/motor.cpp:[m[K In function â€˜[01m[Kint main(int, char**)[m[Kâ€™:
[2.623s] [01m[K/home/kcw/capstone_ws/2024CapstoneDesign/ros2/src/manipulator/src/motor.cpp:73:123:[m[K [01;31m[Kerror: [m[Kexpected initializer before â€˜[01m[KSYSTEM[m[Kâ€™
[2.624s]    73 |     rclcpp::init(argc, argv);void motor_p_gain(int fd, unsigned char *data, unsigned char motor_id, unsigned short p_gain)[01;31m[KSYSTEM[m[K]\x1b[0m: ";
[2.624s]       |                                                                                                                           [01;31m[K^~~~~~[m[K
[2.624s] [01m[K/home/kcw/capstone_ws/2024CapstoneDesign/ros2/src/manipulator/src/motor.cpp:75:27:[m[K [01;35m[Kwarning: [m[KISO C++ forbids converting a string constant to â€˜[01m[Kchar*[m[Kâ€™ [[01;35m[K]8;;https://gcc.gnu.org/onlinedocs/gcc/Warning-Options.html#index-Wwrite-strings-Wwrite-strings]8;;[m[K]
[2.624s]    75 |     if(openSerialPort(&fd,[01;35m[K"/dev/u2d2"[m[K)==-1) return -1;
[2.624s]       |                           [01;35m[K^~~~~~~~~~~[m[K
[2.627s] [01m[K/home/kcw/capstone_ws/2024CapstoneDesign/ros2/src/manipulator/src/motor.cpp:92:18:[m[K [01;31m[Kerror: [m[Kâ€˜[01m[Knode1[m[Kâ€™ was not declared in this scope
[2.627s]    92 |     rclcpp::spin([01;31m[Knode1[m[K);
[2.627s]       |                  [01;31m[K^~~~~[m[K
[4.935s] gmake[2]: *** [CMakeFiles/manipulator_run.dir/build.make:76: CMakeFiles/manipulator_run.dir/src/motor.cpp.o] Error 1
[4.936s] gmake[1]: *** [CMakeFiles/Makefile2:193: CMakeFiles/manipulator_run.dir/all] Error 2
[4.936s] gmake: *** [Makefile:146: all] Error 2
[4.942s] Invoked command in '/home/kcw/capstone_ws/2024CapstoneDesign/ros2/src/manipulator/build/manipulator' returned '2': CMAKE_PREFIX_PATH=${CMAKE_PREFIX_PATH}:/home/kcw/capstone_ws/ros2/src/manipulator/install/manipulator:/opt/ros/humble /home/kcw/.local/bin/cmake --build /home/kcw/capstone_ws/2024CapstoneDesign/ros2/src/manipulator/build/manipulator -- -j8 -l8
