[0.011s] Invoking command in '/home/kcw/capstone_ws/2024CapstoneDesign/ros2/src/manipulator/build/manipulator': CMAKE_PREFIX_PATH=${CMAKE_PREFIX_PATH}:/home/kcw/capstone_ws/ros2/src/manipulator/install/manipulator:/opt/ros/humble /home/kcw/.local/bin/cmake --build /home/kcw/capstone_ws/2024CapstoneDesign/ros2/src/manipulator/build/manipulator -- -j8 -l8
[0.063s] [  7%] [32mBuilding CXX object CMakeFiles/manipulator_run.dir/src/motor.cpp.o[0m
[0.063s] [ 15%] [32mBuilding CXX object CMakeFiles/manipulator_run.dir/src/dynamixel_protocols.cpp.o[0m
[0.063s] [ 38%] [32mBuilding CXX object CMakeFiles/manipulator_write.dir/src/pathW.cpp.o[0m
[0.064s] [ 53%] Built target manipulator_read
[2.454s] [01m[K/home/kcw/capstone_ws/2024CapstoneDesign/ros2/src/manipulator/src/pathW.cpp:[m[K In member function â€˜[01m[Kvoid Manipulator::init_callback()[m[Kâ€™:
[2.455s] [01m[K/home/kcw/capstone_ws/2024CapstoneDesign/ros2/src/manipulator/src/pathW.cpp:84:17:[m[K [01;31m[Kerror: [m[Kâ€˜[01m[KMotor_init[m[Kâ€™ was not declared in this scope; did you mean â€˜[01m[Kmotor_init[m[Kâ€™?
[2.455s]    84 |                 [01;31m[KMotor_init[m[K[i] = motor[i];
[2.455s]       |                 [01;31m[K^~~~~~~~~~[m[K
[2.455s]       |                 [32m[Kmotor_init[m[K
[2.459s] [01m[K/home/kcw/capstone_ws/2024CapstoneDesign/ros2/src/manipulator/src/pathW.cpp:[m[K In function â€˜[01m[Kint main(int, char**)[m[Kâ€™:
[2.459s] [01m[K/home/kcw/capstone_ws/2024CapstoneDesign/ros2/src/manipulator/src/pathW.cpp:162:27:[m[K [01;35m[Kwarning: [m[KISO C++ forbids converting a string constant to â€˜[01m[Kchar*[m[Kâ€™ [[01;35m[K]8;;https://gcc.gnu.org/onlinedocs/gcc/Warning-Options.html#index-Wwrite-strings-Wwrite-strings]8;;[m[K]
[2.459s]   162 |     if(openSerialPort(&fd,[01;35m[K"/dev/arduinoMega"[m[K)==-1) return -1;
[2.459s]       |                           [01;35m[K^~~~~~~~~~~~~~~~~~[m[K
[2.927s] [01m[K/home/kcw/capstone_ws/2024CapstoneDesign/ros2/src/manipulator/src/motor.cpp:[m[K In member function â€˜[01m[Kvoid Manipulator::control_callback(motor_interface::msg::Motor_<std::allocator<void> >::SharedPtr)[m[Kâ€™:
[2.927s] [01m[K/home/kcw/capstone_ws/2024CapstoneDesign/ros2/src/manipulator/src/motor.cpp:81:13:[m[K [01;31m[Kerror: [m[Kexpected primary-expression before â€˜[01m[Kfor[m[Kâ€™
[2.927s]    81 |             [01;31m[Kfor[m[K(unsigned char i{1}; i<=7; i++ )
[2.927s]       |             [01;31m[K^~~[m[K
[2.927s] [01m[K/home/kcw/capstone_ws/2024CapstoneDesign/ros2/src/manipulator/src/motor.cpp:81:13:[m[K [01;31m[Kerror: [m[Kexpected â€˜[01m[K)[m[Kâ€™ before â€˜[01m[Kfor[m[Kâ€™
[2.927s] [01m[K/home/kcw/capstone_ws/2024CapstoneDesign/ros2/src/manipulator/src/motor.cpp:80:9:[m[K [01;36m[Knote: [m[Kto match this â€˜[01m[K([m[Kâ€™
[2.927s]    80 |         [01;36m[K([m[K
[2.928s]       |         [01;36m[K^[m[K
[2.933s] [01m[K/home/kcw/capstone_ws/2024CapstoneDesign/ros2/src/manipulator/src/motor.cpp:81:37:[m[K [01;31m[Kerror: [m[Kâ€˜[01m[Ki[m[Kâ€™ was not declared in this scope
[2.933s]    81 |             for(unsigned char i{1}; [01;31m[Ki[m[K<=7; i++ )
[2.933s]       |                                     [01;31m[K^[m[K
[2.933s] [01m[K/home/kcw/capstone_ws/2024CapstoneDesign/ros2/src/manipulator/src/motor.cpp:86:9:[m[K [01;31m[Kerror: [m[Kexpected primary-expression before â€˜[01m[K)[m[Kâ€™ token
[2.933s]    86 |         [01;31m[K)[m[K
[2.933s]       |         [01;31m[K^[m[K
[2.937s] [01m[K/home/kcw/capstone_ws/2024CapstoneDesign/ros2/src/manipulator/src/motor.cpp:[m[K In function â€˜[01m[Kint main(int, char**)[m[Kâ€™:
[2.937s] [01m[K/home/kcw/capstone_ws/2024CapstoneDesign/ros2/src/manipulator/src/motor.cpp:105:27:[m[K [01;35m[Kwarning: [m[KISO C++ forbids converting a string constant to â€˜[01m[Kchar*[m[Kâ€™ [[01;35m[K]8;;https://gcc.gnu.org/onlinedocs/gcc/Warning-Options.html#index-Wwrite-strings-Wwrite-strings]8;;[m[K]
[2.937s]   105 |     if(openSerialPort(&fd,[01;35m[K"/dev/u2d2"[m[K)==-1) return -1;
[2.938s]       |                           [01;35m[K^~~~~~~~~~~[m[K
[3.217s] gmake[2]: *** [CMakeFiles/manipulator_write.dir/build.make:76: CMakeFiles/manipulator_write.dir/src/pathW.cpp.o] Error 1
[3.217s] gmake[1]: *** [CMakeFiles/Makefile2:141: CMakeFiles/manipulator_write.dir/all] Error 2
[3.217s] gmake[1]: *** Waiting for unfinished jobs....
[5.084s] gmake[2]: *** [CMakeFiles/manipulator_run.dir/build.make:76: CMakeFiles/manipulator_run.dir/src/motor.cpp.o] Error 1
[5.084s] gmake[1]: *** [CMakeFiles/Makefile2:193: CMakeFiles/manipulator_run.dir/all] Error 2
[5.084s] gmake: *** [Makefile:146: all] Error 2
[5.089s] Invoked command in '/home/kcw/capstone_ws/2024CapstoneDesign/ros2/src/manipulator/build/manipulator' returned '2': CMAKE_PREFIX_PATH=${CMAKE_PREFIX_PATH}:/home/kcw/capstone_ws/ros2/src/manipulator/install/manipulator:/opt/ros/humble /home/kcw/.local/bin/cmake --build /home/kcw/capstone_ws/2024CapstoneDesign/ros2/src/manipulator/build/manipulator -- -j8 -l8
