[0.018s] Invoking command in '/home/kcw/capstone_ws/ros2/src/manipulator/build/manipulator': CMAKE_PREFIX_PATH=${CMAKE_PREFIX_PATH}:/opt/ros/humble /home/kcw/.local/bin/cmake --build /home/kcw/capstone_ws/ros2/src/manipulator/build/manipulator -- -j8 -l8
[0.078s] [ 25%] [32mBuilding CXX object CMakeFiles/manipulator.dir/src/main.cpp.o[0m
[2.364s] [01m[K/home/kcw/capstone_ws/ros2/src/manipulator/src/main.cpp:[m[K In member function â€˜[01m[Kvoid Manipulator::timer_callback()[m[Kâ€™:
[2.364s] [01m[K/home/kcw/capstone_ws/ros2/src/manipulator/src/main.cpp:80:31:[m[K [01;35m[Kwarning: [m[KISO C++ forbids converting a string constant to â€˜[01m[Kchar*[m[Kâ€™ [[01;35m[K]8;;https://gcc.gnu.org/onlinedocs/gcc/Warning-Options.html#index-Wwrite-strings-Wwrite-strings]8;;[m[K]
[2.364s]    80 |         if(openSerialPort(&fd,[01;35m[K"/dev/arduinoMega"[m[K)==-1) rclcpp::shutdown();
[2.364s]       |                               [01;35m[K^~~~~~~~~~~~~~~~~~[m[K
[2.365s] [01m[K/home/kcw/capstone_ws/ros2/src/manipulator/src/main.cpp:123:22:[m[K [01;31m[Kerror: [m[Kâ€˜[01m[Kusing element_type = class rclcpp::Publisher<std_msgs::msg::Int64_<std::allocator<void> > >[m[Kâ€™ {aka â€˜[01m[Kclass rclcpp::Publisher<std_msgs::msg::Int64_<std::allocator<void> > >[m[Kâ€™} has no member named â€˜[01m[Kdata[m[Kâ€™
[2.366s]   123 |             motor_1->[01;31m[Kdata[m[K = motor[0]; motor_2->data = motor[1];
[2.366s]       |                      [01;31m[K^~~~[m[K
[2.366s] [01m[K/home/kcw/capstone_ws/ros2/src/manipulator/src/main.cpp:123:48:[m[K [01;31m[Kerror: [m[Kâ€˜[01m[Kusing element_type = class rclcpp::Publisher<std_msgs::msg::Int64_<std::allocator<void> > >[m[Kâ€™ {aka â€˜[01m[Kclass rclcpp::Publisher<std_msgs::msg::Int64_<std::allocator<void> > >[m[Kâ€™} has no member named â€˜[01m[Kdata[m[Kâ€™
[2.366s]   123 |             motor_1->data = motor[0]; motor_2->[01;31m[Kdata[m[K = motor[1];
[2.366s]       |                                                [01;31m[K^~~~[m[K
[2.366s] [01m[K/home/kcw/capstone_ws/ros2/src/manipulator/src/main.cpp:124:22:[m[K [01;31m[Kerror: [m[Kâ€˜[01m[Kusing element_type = class rclcpp::Publisher<std_msgs::msg::Int64_<std::allocator<void> > >[m[Kâ€™ {aka â€˜[01m[Kclass rclcpp::Publisher<std_msgs::msg::Int64_<std::allocator<void> > >[m[Kâ€™} has no member named â€˜[01m[Kdata[m[Kâ€™
[2.366s]   124 |             motor_3->[01;31m[Kdata[m[K = motor[2]; motor_4->data = motor[3];
[2.366s]       |                      [01;31m[K^~~~[m[K
[2.366s] [01m[K/home/kcw/capstone_ws/ros2/src/manipulator/src/main.cpp:124:48:[m[K [01;31m[Kerror: [m[Kâ€˜[01m[Kusing element_type = class rclcpp::Publisher<std_msgs::msg::Int64_<std::allocator<void> > >[m[Kâ€™ {aka â€˜[01m[Kclass rclcpp::Publisher<std_msgs::msg::Int64_<std::allocator<void> > >[m[Kâ€™} has no member named â€˜[01m[Kdata[m[Kâ€™
[2.366s]   124 |             motor_3->data = motor[2]; motor_4->[01;31m[Kdata[m[K = motor[3];
[2.366s]       |                                                [01;31m[K^~~~[m[K
[2.366s] [01m[K/home/kcw/capstone_ws/ros2/src/manipulator/src/main.cpp:62:13:[m[K [01;35m[Kwarning: [m[Kunused variable â€˜[01m[Kdata_size[m[Kâ€™ [[01;35m[K]8;;https://gcc.gnu.org/onlinedocs/gcc/Warning-Options.html#index-Wunused-variable-Wunused-variable]8;;[m[K]
[2.366s]    62 |         int [01;35m[Kdata_size[m[K{BUF_SIZE};
[2.366s]       |             [01;35m[K^~~~~~~~~[m[K
[2.366s] [01m[K/home/kcw/capstone_ws/ros2/src/manipulator/src/main.cpp:63:14:[m[K [01;35m[Kwarning: [m[Kunused variable â€˜[01m[Kinputdata[m[Kâ€™ [[01;35m[K]8;;https://gcc.gnu.org/onlinedocs/gcc/Warning-Options.html#index-Wunused-variable-Wunused-variable]8;;[m[K]
[2.367s]    63 |         char [01;35m[Kinputdata[m[K[BUF_SIZE] = {0};
[2.367s]       |              [01;35m[K^~~~~~~~~[m[K
[2.367s] [01m[K/home/kcw/capstone_ws/ros2/src/manipulator/src/main.cpp:66:16:[m[K [01;35m[Kwarning: [m[Kunused variable â€˜[01m[Kmt[m[Kâ€™ [[01;35m[K]8;;https://gcc.gnu.org/onlinedocs/gcc/Warning-Options.html#index-Wunused-variable-Wunused-variable]8;;[m[K]
[2.367s]    66 |         int    [01;35m[Kmt[m[K;
[2.367s]       |                [01;35m[K^~[m[K
[2.367s] [01m[K/home/kcw/capstone_ws/ros2/src/manipulator/src/main.cpp:67:16:[m[K [01;35m[Kwarning: [m[Kunused variable â€˜[01m[Kndx[m[Kâ€™ [[01;35m[K]8;;https://gcc.gnu.org/onlinedocs/gcc/Warning-Options.html#index-Wunused-variable-Wunused-variable]8;;[m[K]
[2.367s]    67 |         int    [01;35m[Kndx[m[K;
[2.367s]       |                [01;35m[K^~~[m[K
[3.092s] gmake[2]: *** [CMakeFiles/manipulator.dir/build.make:76: CMakeFiles/manipulator.dir/src/main.cpp.o] Error 1
[3.092s] gmake[1]: *** [CMakeFiles/Makefile2:137: CMakeFiles/manipulator.dir/all] Error 2
[3.092s] gmake: *** [Makefile:146: all] Error 2
[3.097s] Invoked command in '/home/kcw/capstone_ws/ros2/src/manipulator/build/manipulator' returned '2': CMAKE_PREFIX_PATH=${CMAKE_PREFIX_PATH}:/opt/ros/humble /home/kcw/.local/bin/cmake --build /home/kcw/capstone_ws/ros2/src/manipulator/build/manipulator -- -j8 -l8
